{
  "/home/user/Рабочий стол/React-rss/React.Component/src/data/constants.ts": {
    "path": "/home/user/Рабочий стол/React-rss/React.Component/src/data/constants.ts",
    "statementMap": {
      "0": {
        "start": {
          "line": 1,
          "column": 25
        },
        "end": {
          "line": 1,
          "column": 33
        }
      },
      "1": {
        "start": {
          "line": 2,
          "column": 33
        },
        "end": {
          "line": 2,
          "column": 41
        }
      },
      "2": {
        "start": {
          "line": 3,
          "column": 23
        },
        "end": {
          "line": 3,
          "column": 57
        }
      }
    },
    "fnMap": {},
    "branchMap": {},
    "s": {
      "0": 10,
      "1": 10,
      "2": 10
    },
    "f": {},
    "b": {},
    "inputSourceMap": {
      "version": 3,
      "file": null,
      "sources": [
        "/home/user/Рабочий стол/React-rss/React.Component/src/data/constants.ts"
      ],
      "names": [],
      "mappings": "AAAO,aAAM,YAAY;AAClB,aAAM,oBAAoB;AAC1B,aAAM,UAAU;"
    },
    "_coverageSchema": "1a1c01bbd47fc00a2c39e90264f33305004495a9",
    "hash": "fbf4433b8d1a7a7d2e6867833f524427fc78eadc"
  },
  "/home/user/Рабочий стол/React-rss/React.Component/src/utils/index.ts": {
    "path": "/home/user/Рабочий стол/React-rss/React.Component/src/utils/index.ts",
    "statementMap": {
      "0": {
        "start": {
          "line": 2,
          "column": 30
        },
        "end": {
          "line": 5,
          "column": 1
        }
      },
      "1": {
        "start": {
          "line": 3,
          "column": 14
        },
        "end": {
          "line": 3,
          "column": 36
        }
      },
      "2": {
        "start": {
          "line": 4,
          "column": 2
        },
        "end": {
          "line": 4,
          "column": 138
        }
      },
      "3": {
        "start": {
          "line": 4,
          "column": 28
        },
        "end": {
          "line": 4,
          "column": 44
        }
      },
      "4": {
        "start": {
          "line": 6,
          "column": 32
        },
        "end": {
          "line": 8,
          "column": 1
        }
      },
      "5": {
        "start": {
          "line": 7,
          "column": 2
        },
        "end": {
          "line": 7,
          "column": 115
        }
      },
      "6": {
        "start": {
          "line": 9,
          "column": 28
        },
        "end": {
          "line": 11,
          "column": 1
        }
      },
      "7": {
        "start": {
          "line": 10,
          "column": 2
        },
        "end": {
          "line": 10,
          "column": 73
        }
      },
      "8": {
        "start": {
          "line": 12,
          "column": 22
        },
        "end": {
          "line": 14,
          "column": 1
        }
      },
      "9": {
        "start": {
          "line": 13,
          "column": 2
        },
        "end": {
          "line": 13,
          "column": 79
        }
      },
      "10": {
        "start": {
          "line": 15,
          "column": 31
        },
        "end": {
          "line": 30,
          "column": 1
        }
      },
      "11": {
        "start": {
          "line": 16,
          "column": 26
        },
        "end": {
          "line": 16,
          "column": 54
        }
      },
      "12": {
        "start": {
          "line": 17,
          "column": 2
        },
        "end": {
          "line": 29,
          "column": 3
        }
      },
      "13": {
        "start": {
          "line": 19,
          "column": 6
        },
        "end": {
          "line": 19,
          "column": 25
        }
      },
      "14": {
        "start": {
          "line": 20,
          "column": 6
        },
        "end": {
          "line": 20,
          "column": 12
        }
      },
      "15": {
        "start": {
          "line": 22,
          "column": 6
        },
        "end": {
          "line": 22,
          "column": 24
        }
      },
      "16": {
        "start": {
          "line": 23,
          "column": 6
        },
        "end": {
          "line": 23,
          "column": 12
        }
      },
      "17": {
        "start": {
          "line": 25,
          "column": 6
        },
        "end": {
          "line": 25,
          "column": 25
        }
      },
      "18": {
        "start": {
          "line": 26,
          "column": 6
        },
        "end": {
          "line": 26,
          "column": 12
        }
      },
      "19": {
        "start": {
          "line": 28,
          "column": 6
        },
        "end": {
          "line": 28,
          "column": 25
        }
      }
    },
    "fnMap": {
      "0": {
        "name": "(anonymous_0)",
        "decl": {
          "start": {
            "line": 2,
            "column": 30
          },
          "end": {
            "line": 2,
            "column": 31
          }
        },
        "loc": {
          "start": {
            "line": 2,
            "column": 40
          },
          "end": {
            "line": 5,
            "column": 1
          }
        },
        "line": 2
      },
      "1": {
        "name": "(anonymous_1)",
        "decl": {
          "start": {
            "line": 4,
            "column": 18
          },
          "end": {
            "line": 4,
            "column": 19
          }
        },
        "loc": {
          "start": {
            "line": 4,
            "column": 28
          },
          "end": {
            "line": 4,
            "column": 44
          }
        },
        "line": 4
      },
      "2": {
        "name": "(anonymous_2)",
        "decl": {
          "start": {
            "line": 6,
            "column": 32
          },
          "end": {
            "line": 6,
            "column": 33
          }
        },
        "loc": {
          "start": {
            "line": 6,
            "column": 42
          },
          "end": {
            "line": 8,
            "column": 1
          }
        },
        "line": 6
      },
      "3": {
        "name": "(anonymous_3)",
        "decl": {
          "start": {
            "line": 9,
            "column": 28
          },
          "end": {
            "line": 9,
            "column": 29
          }
        },
        "loc": {
          "start": {
            "line": 9,
            "column": 39
          },
          "end": {
            "line": 11,
            "column": 1
          }
        },
        "line": 9
      },
      "4": {
        "name": "(anonymous_4)",
        "decl": {
          "start": {
            "line": 12,
            "column": 22
          },
          "end": {
            "line": 12,
            "column": 23
          }
        },
        "loc": {
          "start": {
            "line": 12,
            "column": 37
          },
          "end": {
            "line": 14,
            "column": 1
          }
        },
        "line": 12
      },
      "5": {
        "name": "(anonymous_5)",
        "decl": {
          "start": {
            "line": 15,
            "column": 31
          },
          "end": {
            "line": 15,
            "column": 32
          }
        },
        "loc": {
          "start": {
            "line": 15,
            "column": 45
          },
          "end": {
            "line": 30,
            "column": 1
          }
        },
        "line": 15
      }
    },
    "branchMap": {
      "0": {
        "loc": {
          "start": {
            "line": 4,
            "column": 9
          },
          "end": {
            "line": 4,
            "column": 137
          }
        },
        "type": "binary-expr",
        "locations": [
          {
            "start": {
              "line": 4,
              "column": 9
            },
            "end": {
              "line": 4,
              "column": 45
            }
          },
          {
            "start": {
              "line": 4,
              "column": 49
            },
            "end": {
              "line": 4,
              "column": 64
            }
          },
          {
            "start": {
              "line": 4,
              "column": 68
            },
            "end": {
              "line": 4,
              "column": 137
            }
          }
        ],
        "line": 4
      },
      "1": {
        "loc": {
          "start": {
            "line": 7,
            "column": 9
          },
          "end": {
            "line": 7,
            "column": 114
          }
        },
        "type": "binary-expr",
        "locations": [
          {
            "start": {
              "line": 7,
              "column": 9
            },
            "end": {
              "line": 7,
              "column": 58
            }
          },
          {
            "start": {
              "line": 7,
              "column": 62
            },
            "end": {
              "line": 7,
              "column": 114
            }
          }
        ],
        "line": 7
      },
      "2": {
        "loc": {
          "start": {
            "line": 10,
            "column": 9
          },
          "end": {
            "line": 10,
            "column": 72
          }
        },
        "type": "binary-expr",
        "locations": [
          {
            "start": {
              "line": 10,
              "column": 9
            },
            "end": {
              "line": 10,
              "column": 38
            }
          },
          {
            "start": {
              "line": 10,
              "column": 42
            },
            "end": {
              "line": 10,
              "column": 72
            }
          }
        ],
        "line": 10
      },
      "3": {
        "loc": {
          "start": {
            "line": 17,
            "column": 2
          },
          "end": {
            "line": 29,
            "column": 3
          }
        },
        "type": "switch",
        "locations": [
          {
            "start": {
              "line": 18,
              "column": 4
            },
            "end": {
              "line": 20,
              "column": 12
            }
          },
          {
            "start": {
              "line": 21,
              "column": 4
            },
            "end": {
              "line": 23,
              "column": 12
            }
          },
          {
            "start": {
              "line": 24,
              "column": 4
            },
            "end": {
              "line": 26,
              "column": 12
            }
          },
          {
            "start": {
              "line": 27,
              "column": 4
            },
            "end": {
              "line": 28,
              "column": 25
            }
          }
        ],
        "line": 17
      }
    },
    "s": {
      "0": 10,
      "1": 3,
      "2": 3,
      "3": 3,
      "4": 10,
      "5": 3,
      "6": 10,
      "7": 3,
      "8": 10,
      "9": 7,
      "10": 10,
      "11": 12,
      "12": 12,
      "13": 7,
      "14": 0,
      "15": 0,
      "16": 0,
      "17": 4,
      "18": 0,
      "19": 1
    },
    "f": {
      "0": 3,
      "1": 3,
      "2": 3,
      "3": 3,
      "4": 7,
      "5": 12
    },
    "b": {
      "0": [
        3,
        3,
        0
      ],
      "1": [
        3,
        0
      ],
      "2": [
        3,
        0
      ],
      "3": [
        7,
        0,
        4,
        1
      ]
    },
    "inputSourceMap": {
      "version": 3,
      "file": null,
      "sources": [
        "/home/user/Рабочий стол/React-rss/React.Component/src/utils/index.ts"
      ],
      "names": [],
      "mappings": "AAAA,SAAS,iBAAiB;AAEnB,aAAM,iBAAiB,CAAC,SAAiB;AAC9C,QAAM,MAAM,KAAK,KAAK,EAAE,MAAM,GAAG;AACjC,SACG,IAAI,KAAK,CAAC,SAAS,KAAK,UAAU,CAAC,KAAK,IAAI,UAAU,KACvD;AAEJ;AAEO,aAAM,mBAAmB,CAAC,SAAiB;AAChD,SACE,KAAK,IAAI,IAAI,IAAI,KAAK,IAAI,EAAE,QAAQ,IAAI,aACxC;AAEJ;AAEO,aAAM,eAAe,CAAC,UAAkB;AAC7C,SAAO,MAAM,CAAC,EAAE,SAAS,eAAe;AAC1C;AAEO,aAAM,SAAS,CAAC,cAAsB;AAC3C,SAAO,KAAK,OAAO,KAAK,IAAI,IAAI,IAAI,KAAK,SAAS,EAAE,QAAQ,KAAK,UAAW;AAC9E;AAEO,aAAM,kBAAkB,CAAC,aAAqB;AACnD,QAAM,kBAAkB,SAAS,WAAW,KAAK,EAAE;AACnD,UAAQ,iBAAiB;AAAA,IACvB,KAAK;AACH,aAAO;AACP;AAAA,IACF,KAAK;AACH,aAAO;AACP;AAAA,IACF,KAAK;AACH,aAAO;AACP;AAAA,IACF;AACE,aAAO;AAAA,EACX;AACF;"
    },
    "_coverageSchema": "1a1c01bbd47fc00a2c39e90264f33305004495a9",
    "hash": "f13043ff9e6b92e082f771fe107c4f3322585842"
  },
  "/home/user/Рабочий стол/React-rss/React.Component/src/components/index.tsx": {
    "path": "/home/user/Рабочий стол/React-rss/React.Component/src/components/index.tsx",
    "statementMap": {
      "0": {
        "start": {
          "line": 4,
          "column": 14
        },
        "end": {
          "line": 17,
          "column": 1
        }
      },
      "1": {
        "start": {
          "line": 5,
          "column": 23
        },
        "end": {
          "line": 5,
          "column": 36
        }
      },
      "2": {
        "start": {
          "line": 6,
          "column": 2
        },
        "end": {
          "line": 16,
          "column": 7
        }
      }
    },
    "fnMap": {
      "0": {
        "name": "(anonymous_0)",
        "decl": {
          "start": {
            "line": 4,
            "column": 14
          },
          "end": {
            "line": 4,
            "column": 15
          }
        },
        "loc": {
          "start": {
            "line": 4,
            "column": 20
          },
          "end": {
            "line": 17,
            "column": 1
          }
        },
        "line": 4
      }
    },
    "branchMap": {},
    "s": {
      "0": 10,
      "1": 12,
      "2": 12
    },
    "f": {
      "0": 12
    },
    "b": {},
    "inputSourceMap": {
      "version": 3,
      "file": null,
      "sources": [
        "/home/user/Рабочий стол/React-rss/React.Component/src/components/index.tsx"
      ],
      "names": [],
      "mappings": "AAQI,mBAEI,KAGA,YALJ;AAPJ,SAAS,QAAQ,MAAM,mBAAmB;AAC1C,SAAS,uBAAuB;AAEhC,MAAM,QAAkB,MAAM;AAC5B,QAAM,EAAE,SAAS,IAAI,YAAY;AAEjC,SACE,iCACE;AAAA,yBAAC,YAAO,WAAU,UAAS,eAAY,UACrC;AAAA,0BAAC,SAAI,WAAU,mBAAkB,eAAY,gBAC1C,0BAAgB,QAAQ,GAC3B;AAAA,MACA,qBAAC,SAAI,WAAU,iBACb;AAAA,4BAAC,QAAK,IAAI,KAAK,WAAU,gBAAe,eAAY,aAAY,uBAEhE;AAAA,QACA,oBAAC,QAAK,IAAI,YAAY,WAAU,gBAAe,eAAY,cAAa,sBAExE;AAAA,QACA,oBAAC,QAAK,IAAI,SAAS,WAAU,gBAAe,eAAY,aAAY,kBAEpE;AAAA,SACF;AAAA,OACF;AAAA,IACA,oBAAC,UACC,8BAAC,UAAO,GACV;AAAA,KACF;AAEJ;AAEA,eAAe;"
    },
    "_coverageSchema": "1a1c01bbd47fc00a2c39e90264f33305004495a9",
    "hash": "aef4f6627ca4374a5ac958e930146e0d379c5f1c"
  },
  "/home/user/Рабочий стол/React-rss/React.Component/src/pages/AboutUs.tsx": {
    "path": "/home/user/Рабочий стол/React-rss/React.Component/src/pages/AboutUs.tsx",
    "statementMap": {
      "0": {
        "start": {
          "line": 2,
          "column": 16
        },
        "end": {
          "line": 4,
          "column": 1
        }
      },
      "1": {
        "start": {
          "line": 3,
          "column": 2
        },
        "end": {
          "line": 3,
          "column": 139
        }
      }
    },
    "fnMap": {
      "0": {
        "name": "(anonymous_0)",
        "decl": {
          "start": {
            "line": 2,
            "column": 16
          },
          "end": {
            "line": 2,
            "column": 17
          }
        },
        "loc": {
          "start": {
            "line": 2,
            "column": 22
          },
          "end": {
            "line": 4,
            "column": 1
          }
        },
        "line": 2
      }
    },
    "branchMap": {},
    "s": {
      "0": 10,
      "1": 0
    },
    "f": {
      "0": 0
    },
    "b": {},
    "inputSourceMap": {
      "version": 3,
      "file": null,
      "sources": [
        "/home/user/Рабочий стол/React-rss/React.Component/src/pages/AboutUs.tsx"
      ],
      "names": [],
      "mappings": "AAKM;AAHN,MAAM,UAAoB,MAAM;AAC9B,SACE,oBAAC,SAAI,WAAU,OACb,8BAAC,SAAI,uCAAyB,GAChC;AAEJ;AAEA,eAAe;"
    },
    "_coverageSchema": "1a1c01bbd47fc00a2c39e90264f33305004495a9",
    "hash": "c9ef9a112d2fc70eb07ddaa1aecf95ff7efba08b"
  },
  "/home/user/Рабочий стол/React-rss/React.Component/src/pages/ErrorPage.tsx": {
    "path": "/home/user/Рабочий стол/React-rss/React.Component/src/pages/ErrorPage.tsx",
    "statementMap": {
      "0": {
        "start": {
          "line": 2,
          "column": 25
        },
        "end": {
          "line": 8,
          "column": 1
        }
      },
      "1": {
        "start": {
          "line": 3,
          "column": 2
        },
        "end": {
          "line": 7,
          "column": 7
        }
      }
    },
    "fnMap": {
      "0": {
        "name": "(anonymous_0)",
        "decl": {
          "start": {
            "line": 2,
            "column": 25
          },
          "end": {
            "line": 2,
            "column": 26
          }
        },
        "loc": {
          "start": {
            "line": 2,
            "column": 31
          },
          "end": {
            "line": 8,
            "column": 1
          }
        },
        "line": 2
      }
    },
    "branchMap": {},
    "s": {
      "0": 10,
      "1": 1
    },
    "f": {
      "0": 1
    },
    "b": {},
    "inputSourceMap": {
      "version": 3,
      "file": null,
      "sources": [
        "/home/user/Рабочий стол/React-rss/React.Component/src/pages/ErrorPage.tsx"
      ],
      "names": [],
      "mappings": "AAII,SACE,KADF;AAFG,aAAM,YAAsB,MAAM;AACvC,SACE,qBAAC,SAAI,WAAU,cACb;AAAA,wBAAC,OAAE,WAAU,wBAAuB,sBAAQ;AAAA,IAC5C,oBAAC,OAAE,WAAU,qBAAoB,iBAAG;AAAA,IACpC,oBAAC,OAAE,WAAU,wBAAuB,kCAAoB;AAAA,KAC1D;AAEJ;"
    },
    "_coverageSchema": "1a1c01bbd47fc00a2c39e90264f33305004495a9",
    "hash": "c089e05bae0e74819ea3c3e1315cc67e093ea171"
  },
  "/home/user/Рабочий стол/React-rss/React.Component/src/components/PopUp.tsx": {
    "path": "/home/user/Рабочий стол/React-rss/React.Component/src/components/PopUp.tsx",
    "statementMap": {
      "0": {
        "start": {
          "line": 2,
          "column": 21
        },
        "end": {
          "line": 5,
          "column": 1
        }
      },
      "1": {
        "start": {
          "line": 3,
          "column": 28
        },
        "end": {
          "line": 3,
          "column": 72
        }
      },
      "2": {
        "start": {
          "line": 4,
          "column": 2
        },
        "end": {
          "line": 4,
          "column": 80
        }
      }
    },
    "fnMap": {
      "0": {
        "name": "(anonymous_0)",
        "decl": {
          "start": {
            "line": 2,
            "column": 21
          },
          "end": {
            "line": 2,
            "column": 22
          }
        },
        "loc": {
          "start": {
            "line": 2,
            "column": 49
          },
          "end": {
            "line": 5,
            "column": 1
          }
        },
        "line": 2
      }
    },
    "branchMap": {
      "0": {
        "loc": {
          "start": {
            "line": 3,
            "column": 28
          },
          "end": {
            "line": 3,
            "column": 72
          }
        },
        "type": "cond-expr",
        "locations": [
          {
            "start": {
              "line": 3,
              "column": 39
            },
            "end": {
              "line": 3,
              "column": 61
            }
          },
          {
            "start": {
              "line": 3,
              "column": 64
            },
            "end": {
              "line": 3,
              "column": 72
            }
          }
        ],
        "line": 3
      }
    },
    "s": {
      "0": 10,
      "1": 9,
      "2": 9
    },
    "f": {
      "0": 9
    },
    "b": {
      "0": [
        3,
        6
      ]
    },
    "inputSourceMap": {
      "version": 3,
      "file": null,
      "sources": [
        "/home/user/Рабочий стол/React-rss/React.Component/src/components/PopUp.tsx"
      ],
      "names": [],
      "mappings": "AASS;AAFF,aAAM,QAA+B,CAAC,EAAE,UAAU,SAAS,MAAM;AACtE,QAAM,oBAAoB,WAAW,yBAAyB;AAC9D,SAAO,oBAAC,SAAI,WAAW,mBAAoB,UAAS;AACtD;"
    },
    "_coverageSchema": "1a1c01bbd47fc00a2c39e90264f33305004495a9",
    "hash": "9050c564cd5f85e53030ceda22d9f3a09bb0d40f"
  },
  "/home/user/Рабочий стол/React-rss/React.Component/src/components/UI/Input-select.tsx": {
    "path": "/home/user/Рабочий стол/React-rss/React.Component/src/components/UI/Input-select.tsx",
    "statementMap": {
      "0": {
        "start": {
          "line": 3,
          "column": 2
        },
        "end": {
          "line": 21,
          "column": 7
        }
      },
      "1": {
        "start": {
          "line": 16,
          "column": 54
        },
        "end": {
          "line": 16,
          "column": 106
        }
      }
    },
    "fnMap": {
      "0": {
        "name": "InputSelect",
        "decl": {
          "start": {
            "line": 2,
            "column": 16
          },
          "end": {
            "line": 2,
            "column": 27
          }
        },
        "loc": {
          "start": {
            "line": 2,
            "column": 35
          },
          "end": {
            "line": 22,
            "column": 1
          }
        },
        "line": 2
      },
      "1": {
        "name": "(anonymous_1)",
        "decl": {
          "start": {
            "line": 16,
            "column": 28
          },
          "end": {
            "line": 16,
            "column": 29
          }
        },
        "loc": {
          "start": {
            "line": 16,
            "column": 54
          },
          "end": {
            "line": 16,
            "column": 106
          }
        },
        "line": 16
      }
    },
    "branchMap": {
      "0": {
        "loc": {
          "start": {
            "line": 20,
            "column": 120
          },
          "end": {
            "line": 20,
            "column": 198
          }
        },
        "type": "binary-expr",
        "locations": [
          {
            "start": {
              "line": 20,
              "column": 120
            },
            "end": {
              "line": 20,
              "column": 147
            }
          },
          {
            "start": {
              "line": 20,
              "column": 151
            },
            "end": {
              "line": 20,
              "column": 198
            }
          }
        ],
        "line": 20
      }
    },
    "s": {
      "0": 9,
      "1": 27
    },
    "f": {
      "0": 9,
      "1": 27
    },
    "b": {
      "0": [
        9,
        1
      ]
    },
    "inputSourceMap": {
      "version": 3,
      "file": null,
      "sources": [
        "/home/user/Рабочий стол/React-rss/React.Component/src/components/UI/Input-select.tsx"
      ],
      "names": [],
      "mappings": "AAcI,mBAOI,KANF,YADF;AAFG,gBAAS,YAAmC,OAA6B;AAC9E,SACE,iCACE;AAAA,yBAAC,WAAM,SAAS,MAAM,IAAI;AAAA;AAAA,MAAE,MAAM;AAAA,OAAS;AAAA,IAC3C;AAAA,MAAC;AAAA;AAAA,QACC,WAAU;AAAA,QACT,GAAG,MAAM,SAAS,MAAM,IAAI,EAAE,UAAU,MAAM,SAAS,CAAC;AAAA,QACzD,IAAI,MAAM;AAAA,QAEV;AAAA,8BAAC,YAAO,OAAM,IAAG,QAAM,MAAC,wBAExB;AAAA,UACC,MAAM,QAAQ,IAAI,CAAC,SAClB,oBAAC,YAAO,OAAO,MACZ,kBADuB,IAE1B,CACD;AAAA;AAAA;AAAA,IACH;AAAA,IACA,oBAAC,WAAM,SAAS,MAAM,IAAI,WAAU,qBAAoB,eAAY,SACjE,gBAAM,OAAO,kBAAkB,MAAM,OAAO,eAAe,SAAS,SAAS,GAChF;AAAA,KACF;AAEJ;"
    },
    "_coverageSchema": "1a1c01bbd47fc00a2c39e90264f33305004495a9",
    "hash": "d1c84588f9df7d8a8840615abdb1650f2fcb30f2"
  },
  "/home/user/Рабочий стол/React-rss/React.Component/src/components/UI/Input-text.tsx": {
    "path": "/home/user/Рабочий стол/React-rss/React.Component/src/components/UI/Input-text.tsx",
    "statementMap": {
      "0": {
        "start": {
          "line": 3,
          "column": 2
        },
        "end": {
          "line": 18,
          "column": 7
        }
      },
      "1": {
        "start": {
          "line": 11,
          "column": 33
        },
        "end": {
          "line": 11,
          "column": 45
        }
      }
    },
    "fnMap": {
      "0": {
        "name": "InputText",
        "decl": {
          "start": {
            "line": 2,
            "column": 16
          },
          "end": {
            "line": 2,
            "column": 25
          }
        },
        "loc": {
          "start": {
            "line": 2,
            "column": 33
          },
          "end": {
            "line": 19,
            "column": 1
          }
        },
        "line": 2
      },
      "1": {
        "name": "(anonymous_1)",
        "decl": {
          "start": {
            "line": 11,
            "column": 22
          },
          "end": {
            "line": 11,
            "column": 23
          }
        },
        "loc": {
          "start": {
            "line": 11,
            "column": 33
          },
          "end": {
            "line": 11,
            "column": 45
          }
        },
        "line": 11
      }
    },
    "branchMap": {
      "0": {
        "loc": {
          "start": {
            "line": 17,
            "column": 120
          },
          "end": {
            "line": 17,
            "column": 188
          }
        },
        "type": "binary-expr",
        "locations": [
          {
            "start": {
              "line": 17,
              "column": 120
            },
            "end": {
              "line": 17,
              "column": 142
            }
          },
          {
            "start": {
              "line": 17,
              "column": 146
            },
            "end": {
              "line": 17,
              "column": 188
            }
          }
        ],
        "line": 17
      }
    },
    "s": {
      "0": 18,
      "1": 86
    },
    "f": {
      "0": 18,
      "1": 86
    },
    "b": {
      "0": [
        18,
        2
      ]
    },
    "inputSourceMap": {
      "version": 3,
      "file": null,
      "sources": [
        "/home/user/Рабочий стол/React-rss/React.Component/src/components/UI/Input-text.tsx"
      ],
      "names": [],
      "mappings": "AAcI,mBACE,KADF;AAFG,gBAAS,UAAiC,OAA2B;AAC1E,SACE,iCACE;AAAA,wBAAC,WAAM,SAAS,MAAM,IAAI,WAAU,eACjC,gBAAM,UACT;AAAA,IACA;AAAA,MAAC;AAAA;AAAA,QACC,IAAI,MAAM;AAAA,QACV,WAAU;AAAA,QACT,GAAG,MAAM,SAAS,MAAM,IAAI;AAAA,UAC3B,YAAY,CAAC,UAAkB,MAAM,KAAK;AAAA,UAC1C,UAAU,MAAM;AAAA,UAChB,UAAU,MAAM;AAAA,QAClB,CAAC;AAAA;AAAA,IACH;AAAA,IACA,oBAAC,WAAM,SAAS,MAAM,IAAI,WAAU,qBAAoB,eAAY,SACjE,gBAAM,OAAO,MAAM,EAAE,KAAK,MAAM,OAAO,MAAM,EAAE,EAAG,SAAS,SAAS,GACvE;AAAA,KACF;AAEJ;"
    },
    "_coverageSchema": "1a1c01bbd47fc00a2c39e90264f33305004495a9",
    "hash": "79f14b55d31d79761ef26ae6e58418add9896404"
  },
  "/home/user/Рабочий стол/React-rss/React.Component/src/store/formSlice.ts": {
    "path": "/home/user/Рабочий стол/React-rss/React.Component/src/store/formSlice.ts",
    "statementMap": {
      "0": {
        "start": {
          "line": 2,
          "column": 24
        },
        "end": {
          "line": 2,
          "column": 56
        }
      },
      "1": {
        "start": {
          "line": 3,
          "column": 21
        },
        "end": {
          "line": 3,
          "column": 23
        }
      },
      "2": {
        "start": {
          "line": 4,
          "column": 29
        },
        "end": {
          "line": 18,
          "column": 2
        }
      },
      "3": {
        "start": {
          "line": 9,
          "column": 6
        },
        "end": {
          "line": 9,
          "column": 33
        }
      },
      "4": {
        "start": {
          "line": 12,
          "column": 6
        },
        "end": {
          "line": 12,
          "column": 59
        }
      },
      "5": {
        "start": {
          "line": 12,
          "column": 33
        },
        "end": {
          "line": 12,
          "column": 57
        }
      },
      "6": {
        "start": {
          "line": 15,
          "column": 6
        },
        "end": {
          "line": 15,
          "column": 23
        }
      },
      "7": {
        "start": {
          "line": 19,
          "column": 63
        },
        "end": {
          "line": 19,
          "column": 84
        }
      }
    },
    "fnMap": {
      "0": {
        "name": "(anonymous_0)",
        "decl": {
          "start": {
            "line": 8,
            "column": 16
          },
          "end": {
            "line": 8,
            "column": 17
          }
        },
        "loc": {
          "start": {
            "line": 8,
            "column": 35
          },
          "end": {
            "line": 10,
            "column": 5
          }
        },
        "line": 8
      },
      "1": {
        "name": "(anonymous_1)",
        "decl": {
          "start": {
            "line": 11,
            "column": 19
          },
          "end": {
            "line": 11,
            "column": 20
          }
        },
        "loc": {
          "start": {
            "line": 11,
            "column": 38
          },
          "end": {
            "line": 13,
            "column": 5
          }
        },
        "line": 11
      },
      "2": {
        "name": "(anonymous_2)",
        "decl": {
          "start": {
            "line": 12,
            "column": 26
          },
          "end": {
            "line": 12,
            "column": 27
          }
        },
        "loc": {
          "start": {
            "line": 12,
            "column": 33
          },
          "end": {
            "line": 12,
            "column": 57
          }
        },
        "line": 12
      },
      "3": {
        "name": "(anonymous_3)",
        "decl": {
          "start": {
            "line": 14,
            "column": 22
          },
          "end": {
            "line": 14,
            "column": 23
          }
        },
        "loc": {
          "start": {
            "line": 14,
            "column": 33
          },
          "end": {
            "line": 16,
            "column": 5
          }
        },
        "line": 14
      }
    },
    "branchMap": {
      "0": {
        "loc": {
          "start": {
            "line": 2,
            "column": 24
          },
          "end": {
            "line": 2,
            "column": 56
          }
        },
        "type": "binary-expr",
        "locations": [
          {
            "start": {
              "line": 2,
              "column": 24
            },
            "end": {
              "line": 2,
              "column": 42
            }
          },
          {
            "start": {
              "line": 2,
              "column": 46
            },
            "end": {
              "line": 2,
              "column": 56
            }
          }
        ],
        "line": 2
      }
    },
    "s": {
      "0": 10,
      "1": 10,
      "2": 10,
      "3": 3,
      "4": 1,
      "5": 2,
      "6": 0,
      "7": 10
    },
    "f": {
      "0": 3,
      "1": 1,
      "2": 2,
      "3": 0
    },
    "b": {
      "0": [
        10,
        10
      ]
    },
    "inputSourceMap": {
      "version": 3,
      "file": null,
      "sources": [
        "/home/user/Рабочий стол/React-rss/React.Component/src/store/formSlice.ts"
      ],
      "names": [],
      "mappings": "AACA,YAAY,gBAAgB;AAC5B,MAAM,EAAE,YAAY,IAAM,WAA8B,WAAW;AAInE,MAAM,eAA+B,CAAC;AAE/B,aAAM,gBAAgB,YAAY;AAAA,EACvC,MAAM;AAAA,EACN;AAAA,EACA,UAAU;AAAA,IACR,YAAY,CAAC,OAAO,WAAwC;AAC1D,YAAM,KAAK,OAAO,OAAO;AAAA,IAC3B;AAAA,IACA,eAAe,CAAC,OAAO,WAAkC;AACvD,aAAO,MAAM,OAAO,CAAC,MAAM,EAAE,QAAQ,OAAO,OAAO;AAAA,IACrD;AAAA,IACA,kBAAkB,CAAC,UAAU;AAC3B,YAAM,SAAS;AAAA,IACjB;AAAA,EACF;AACF,CAAC;AAEM,aAAM,EAAE,YAAY,eAAe,iBAAiB,IAAI,cAAc;"
    },
    "_coverageSchema": "1a1c01bbd47fc00a2c39e90264f33305004495a9",
    "hash": "6f7b729f00d00aa1bc1059ab8b8c773c97148f37"
  },
  "/home/user/Рабочий стол/React-rss/React.Component/src/components/Form.tsx": {
    "path": "/home/user/Рабочий стол/React-rss/React.Component/src/components/Form.tsx",
    "statementMap": {
      "0": {
        "start": {
          "line": 10,
          "column": 29
        },
        "end": {
          "line": 136,
          "column": 1
        }
      },
      "1": {
        "start": {
          "line": 16,
          "column": 6
        },
        "end": {
          "line": 16,
          "column": 45
        }
      },
      "2": {
        "start": {
          "line": 17,
          "column": 19
        },
        "end": {
          "line": 17,
          "column": 32
        }
      },
      "3": {
        "start": {
          "line": 18,
          "column": 42
        },
        "end": {
          "line": 18,
          "column": 57
        }
      },
      "4": {
        "start": {
          "line": 19,
          "column": 18
        },
        "end": {
          "line": 26,
          "column": 3
        }
      },
      "5": {
        "start": {
          "line": 20,
          "column": 4
        },
        "end": {
          "line": 20,
          "column": 37
        }
      },
      "6": {
        "start": {
          "line": 21,
          "column": 4
        },
        "end": {
          "line": 21,
          "column": 48
        }
      },
      "7": {
        "start": {
          "line": 22,
          "column": 4
        },
        "end": {
          "line": 22,
          "column": 31
        }
      },
      "8": {
        "start": {
          "line": 23,
          "column": 4
        },
        "end": {
          "line": 23,
          "column": 26
        }
      },
      "9": {
        "start": {
          "line": 24,
          "column": 4
        },
        "end": {
          "line": 24,
          "column": 50
        }
      },
      "10": {
        "start": {
          "line": 24,
          "column": 21
        },
        "end": {
          "line": 24,
          "column": 43
        }
      },
      "11": {
        "start": {
          "line": 25,
          "column": 4
        },
        "end": {
          "line": 25,
          "column": 12
        }
      },
      "12": {
        "start": {
          "line": 27,
          "column": 2
        },
        "end": {
          "line": 135,
          "column": 7
        }
      },
      "13": {
        "start": {
          "line": 34,
          "column": 30
        },
        "end": {
          "line": 34,
          "column": 93
        }
      },
      "14": {
        "start": {
          "line": 111,
          "column": 32
        },
        "end": {
          "line": 111,
          "column": 50
        }
      }
    },
    "fnMap": {
      "0": {
        "name": "(anonymous_0)",
        "decl": {
          "start": {
            "line": 10,
            "column": 29
          },
          "end": {
            "line": 10,
            "column": 30
          }
        },
        "loc": {
          "start": {
            "line": 10,
            "column": 35
          },
          "end": {
            "line": 136,
            "column": 1
          }
        },
        "line": 10
      },
      "1": {
        "name": "(anonymous_1)",
        "decl": {
          "start": {
            "line": 19,
            "column": 18
          },
          "end": {
            "line": 19,
            "column": 19
          }
        },
        "loc": {
          "start": {
            "line": 19,
            "column": 28
          },
          "end": {
            "line": 26,
            "column": 3
          }
        },
        "line": 19
      },
      "2": {
        "name": "(anonymous_2)",
        "decl": {
          "start": {
            "line": 24,
            "column": 15
          },
          "end": {
            "line": 24,
            "column": 16
          }
        },
        "loc": {
          "start": {
            "line": 24,
            "column": 21
          },
          "end": {
            "line": 24,
            "column": 43
          }
        },
        "line": 24
      },
      "3": {
        "name": "(anonymous_3)",
        "decl": {
          "start": {
            "line": 34,
            "column": 20
          },
          "end": {
            "line": 34,
            "column": 21
          }
        },
        "loc": {
          "start": {
            "line": 34,
            "column": 30
          },
          "end": {
            "line": 34,
            "column": 93
          }
        },
        "line": 34
      },
      "4": {
        "name": "(anonymous_4)",
        "decl": {
          "start": {
            "line": 111,
            "column": 22
          },
          "end": {
            "line": 111,
            "column": 23
          }
        },
        "loc": {
          "start": {
            "line": 111,
            "column": 32
          },
          "end": {
            "line": 111,
            "column": 50
          }
        },
        "line": 111
      }
    },
    "branchMap": {
      "0": {
        "loc": {
          "start": {
            "line": 34,
            "column": 30
          },
          "end": {
            "line": 34,
            "column": 93
          }
        },
        "type": "binary-expr",
        "locations": [
          {
            "start": {
              "line": 34,
              "column": 30
            },
            "end": {
              "line": 34,
              "column": 46
            }
          },
          {
            "start": {
              "line": 34,
              "column": 50
            },
            "end": {
              "line": 34,
              "column": 93
            }
          }
        ],
        "line": 34
      },
      "1": {
        "loc": {
          "start": {
            "line": 65,
            "column": 125
          },
          "end": {
            "line": 65,
            "column": 181
          }
        },
        "type": "binary-expr",
        "locations": [
          {
            "start": {
              "line": 65,
              "column": 125
            },
            "end": {
              "line": 65,
              "column": 141
            }
          },
          {
            "start": {
              "line": 65,
              "column": 145
            },
            "end": {
              "line": 65,
              "column": 181
            }
          }
        ],
        "line": 65
      },
      "2": {
        "loc": {
          "start": {
            "line": 100,
            "column": 123
          },
          "end": {
            "line": 100,
            "column": 171
          }
        },
        "type": "binary-expr",
        "locations": [
          {
            "start": {
              "line": 100,
              "column": 123
            },
            "end": {
              "line": 100,
              "column": 135
            }
          },
          {
            "start": {
              "line": 100,
              "column": 139
            },
            "end": {
              "line": 100,
              "column": 171
            }
          }
        ],
        "line": 100
      },
      "3": {
        "loc": {
          "start": {
            "line": 115,
            "column": 119
          },
          "end": {
            "line": 115,
            "column": 163
          }
        },
        "type": "binary-expr",
        "locations": [
          {
            "start": {
              "line": 115,
              "column": 119
            },
            "end": {
              "line": 115,
              "column": 129
            }
          },
          {
            "start": {
              "line": 115,
              "column": 133
            },
            "end": {
              "line": 115,
              "column": 163
            }
          }
        ],
        "line": 115
      },
      "4": {
        "loc": {
          "start": {
            "line": 131,
            "column": 125
          },
          "end": {
            "line": 131,
            "column": 181
          }
        },
        "type": "binary-expr",
        "locations": [
          {
            "start": {
              "line": 131,
              "column": 125
            },
            "end": {
              "line": 131,
              "column": 141
            }
          },
          {
            "start": {
              "line": 131,
              "column": 145
            },
            "end": {
              "line": 131,
              "column": 181
            }
          }
        ],
        "line": 131
      }
    },
    "s": {
      "0": 10,
      "1": 9,
      "2": 9,
      "3": 9,
      "4": 9,
      "5": 3,
      "6": 3,
      "7": 3,
      "8": 3,
      "9": 3,
      "10": 1,
      "11": 3,
      "12": 9,
      "13": 3,
      "14": 3
    },
    "f": {
      "0": 9,
      "1": 3,
      "2": 1,
      "3": 3,
      "4": 3
    },
    "b": {
      "0": [
        3,
        0
      ],
      "1": [
        9,
        1
      ],
      "2": [
        9,
        1
      ],
      "3": [
        9,
        1
      ],
      "4": [
        9,
        1
      ]
    },
    "inputSourceMap": {
      "version": 3,
      "file": null,
      "sources": [
        "/home/user/Рабочий стол/React-rss/React.Component/src/components/Form.tsx"
      ],
      "names": [],
      "mappings": "AAiCQ,cAqBF,YArBE;AAhCR,SAAgB,gBAAgB;AAChC,SAAS,eAAe;AACxB,SAAS,gBAAgB,kBAAkB,oBAAoB;AAC/D,SAAS,aAAa;AACtB,SAAS,mBAAmB;AAC5B,SAAS,iBAAiB;AAC1B,SAAS,mBAAmB;AAC5B,SAAS,kBAAkB;AAEpB,aAAM,gBAA0B,MAAM;AAC3C,QAAM;AAAA,IACJ;AAAA,IACA;AAAA,IACA,WAAW,EAAE,OAAO;AAAA,IACpB;AAAA,EACF,IAAI,QAAoB,EAAE,gBAAgB,WAAW,CAAC;AAEtD,QAAM,WAAW,YAAY;AAC7B,QAAM,CAAC,cAAc,eAAe,IAAI,SAAS,KAAK;AAEtD,QAAM,UAAU,CAAC,SAAqB;AACpC,SAAK,MAAM,KAAK,IAAI,EAAE,SAAS;AAC/B,SAAK,MAAM,IAAI,gBAAgB,KAAK,IAAI,CAAC,CAAS;AAClD,aAAS,WAAW,IAAI,CAAC;AACzB,oBAAgB,IAAI;AACpB,eAAW,MAAM,gBAAgB,KAAK,GAAG,GAAI;AAC7C,UAAM;AAAA,EACR;AAEA,SACE,qBAAC,UAAK,WAAU,QAAO,QAAO,QAAO,UAAU,aAAa,OAAO,GACjE;AAAA,wBAAC,SAAI,WAAU,cACb;AAAA,MAAC;AAAA;AAAA,QACC,IAAG;AAAA,QACH;AAAA,QACA;AAAA,QACA,YAAY,CAAC,SAAS,KAAK,UAAU,KAAK;AAAA,QAC1C,UAAS;AAAA,QACV;AAAA;AAAA,IAED,GACF;AAAA,IACA,oBAAC,SAAI,WAAU,cACb;AAAA,MAAC;AAAA;AAAA,QACC,IAAG;AAAA,QACH;AAAA,QACA;AAAA,QACA,YAAY;AAAA,QACZ,UAAS;AAAA,QACV;AAAA;AAAA,IAED,GACF;AAAA,IACA,qBAAC,SAAI,WAAU,cACb;AAAA,0BAAC,WAAM,SAAQ,aAAY,4BAAc;AAAA,MACzC;AAAA,QAAC;AAAA;AAAA,UACC,IAAG;AAAA,UACF,GAAG,SAAS,aAAa;AAAA,YACxB,UAAU;AAAA,YACV,UAAU;AAAA,UACZ,CAAC;AAAA,UACD,WAAU;AAAA,UACV,MAAM;AAAA,UACN,KAAK,IAAI,KAAK,EAAE,YAAY,EAAE,MAAM,GAAG,EAAE,CAAC;AAAA;AAAA,MAC5C;AAAA,MACA,oBAAC,WAAM,SAAQ,aAAY,WAAU,qBAAoB,eAAY,SAClE,iBAAO,aAAa,OAAO,UAAU,SAAS,SAAS,GAC1D;AAAA,OACF;AAAA,IACA,oBAAC,SAAI,WAAU,cACb;AAAA,MAAC;AAAA;AAAA,QACC;AAAA,QACA,IAAG;AAAA,QACH;AAAA,QACA,UAAS;AAAA,QACT,SAAS,CAAC,WAAW,QAAQ,KAAK;AAAA,QACnC;AAAA;AAAA,IAED,GACF;AAAA,IACA,oBAAC,SAAI,WAAU,cACb,+BAAC,cAAS,WAAU,kBAClB;AAAA,0BAAC,YAAO,WAAU,gBAAe,qBAAO;AAAA,MACxC,qBAAC,OACC;AAAA;AAAA,UAAC;AAAA;AAAA,YACC,MAAM;AAAA,YACN,IAAG;AAAA,YACH,OAAM;AAAA,YACL,GAAG,SAAS,SAAS,EAAE,UAAU,mBAAmB,CAAC;AAAA;AAAA,QACxD;AAAA,QACA,oBAAC,WAAM,SAAQ,MAAK,kBAAI;AAAA,SAC1B;AAAA,MACA,qBAAC,OACC;AAAA,4BAAC,WAAM,MAAM,SAAS,IAAG,MAAM,GAAG,SAAS,OAAO,GAAG,OAAM,MAAK;AAAA,QAChE,oBAAC,WAAM,SAAQ,MAAK,kBAAI;AAAA,SAC1B;AAAA,MACA,qBAAC,OACC;AAAA,4BAAC,WAAM,MAAM,SAAS,IAAG,WAAW,GAAG,SAAS,OAAO,GAAG,OAAM,WAAU;AAAA,QAC1E,oBAAC,WAAM,SAAQ,WAAU,iCAAmB;AAAA,SAC9C;AAAA,MACA,oBAAC,WAAM,SAAQ,WAAU,WAAU,qBAAoB,eAAY,SAChE,iBAAO,SAAS,OAAO,MAAM,SAAS,SAAS,GAClD;AAAA,OACF,GACF;AAAA,IACA,qBAAC,SAAI,WAAU,cACb;AAAA,0BAAC,WAAM,SAAQ,OAAM,gCAAkB;AAAA,MACvC;AAAA,QAAC;AAAA;AAAA,UACC,IAAG;AAAA,UACH,MAAM;AAAA,UACL,GAAG,SAAS,OAAO;AAAA,YAClB,UAAU;AAAA,YACV,UAAU,CAAC,SAAS,aAAa,IAAc;AAAA,UACjD,CAAC;AAAA;AAAA,MACH;AAAA,MACA,oBAAC,WAAM,SAAQ,OAAM,WAAU,qBAAoB,eAAY,SAC5D,iBAAO,OAAO,gCACjB;AAAA,MACA,qBAAC,OACC;AAAA;AAAA,UAAC;AAAA;AAAA,YACC,IAAG;AAAA,YACF,GAAG,SAAS,aAAa,EAAE,UAAU,yBAAyB,CAAC;AAAA,YAChE,MAAM;AAAA;AAAA,QACR;AAAA,QACA,qBAAC,WAAM,SAAQ,aACZ;AAAA;AAAA,UAAI;AAAA,UACwE;AAAA,WAC/E;AAAA,SACF;AAAA,MACA,oBAAC,WAAM,SAAQ,aAAY,WAAU,qBAAoB,eAAY,SAClE,iBAAO,aAAa,OAAO,UAAU,SAAS,SAAS,GAC1D;AAAA,OACF;AAAA,IACA,oBAAC,OACC,8BAAC,YAAO,4BAAc,GACxB;AAAA,IACA,oBAAC,SAAM,UAAU,cACf,8BAAC,QAAG,8CAAgC,GACtC;AAAA,KACF;AAEJ;"
    },
    "_coverageSchema": "1a1c01bbd47fc00a2c39e90264f33305004495a9",
    "hash": "f0dd807e6ec4aca6bc18b44b8a859383a979145f"
  },
  "/home/user/Рабочий стол/React-rss/React.Component/src/components/Account.tsx": {
    "path": "/home/user/Рабочий стол/React-rss/React.Component/src/components/Account.tsx",
    "statementMap": {
      "0": {
        "start": {
          "line": 5,
          "column": 23
        },
        "end": {
          "line": 32,
          "column": 1
        }
      },
      "1": {
        "start": {
          "line": 6,
          "column": 19
        },
        "end": {
          "line": 6,
          "column": 32
        }
      },
      "2": {
        "start": {
          "line": 7,
          "column": 20
        },
        "end": {
          "line": 10,
          "column": 3
        }
      },
      "3": {
        "start": {
          "line": 8,
          "column": 4
        },
        "end": {
          "line": 8,
          "column": 28
        }
      },
      "4": {
        "start": {
          "line": 9,
          "column": 4
        },
        "end": {
          "line": 9,
          "column": 37
        }
      },
      "5": {
        "start": {
          "line": 11,
          "column": 2
        },
        "end": {
          "line": 31,
          "column": 7
        }
      }
    },
    "fnMap": {
      "0": {
        "name": "(anonymous_0)",
        "decl": {
          "start": {
            "line": 5,
            "column": 23
          },
          "end": {
            "line": 5,
            "column": 24
          }
        },
        "loc": {
          "start": {
            "line": 5,
            "column": 61
          },
          "end": {
            "line": 32,
            "column": 1
          }
        },
        "line": 5
      },
      "1": {
        "name": "(anonymous_1)",
        "decl": {
          "start": {
            "line": 7,
            "column": 20
          },
          "end": {
            "line": 7,
            "column": 21
          }
        },
        "loc": {
          "start": {
            "line": 7,
            "column": 31
          },
          "end": {
            "line": 10,
            "column": 3
          }
        },
        "line": 7
      }
    },
    "branchMap": {
      "0": {
        "loc": {
          "start": {
            "line": 14,
            "column": 6
          },
          "end": {
            "line": 14,
            "column": 48
          }
        },
        "type": "binary-expr",
        "locations": [
          {
            "start": {
              "line": 14,
              "column": 6
            },
            "end": {
              "line": 14,
              "column": 29
            }
          },
          {
            "start": {
              "line": 14,
              "column": 33
            },
            "end": {
              "line": 14,
              "column": 48
            }
          }
        ],
        "line": 14
      }
    },
    "s": {
      "0": 10,
      "1": 7,
      "2": 7,
      "3": 1,
      "4": 1,
      "5": 7
    },
    "f": {
      "0": 7,
      "1": 1
    },
    "b": {
      "0": [
        7,
        7
      ]
    },
    "inputSourceMap": {
      "version": 3,
      "file": null,
      "sources": [
        "/home/user/Рабочий стол/React-rss/React.Component/src/components/Account.tsx"
      ],
      "names": [],
      "mappings": "AAoBM,cACA,YADA;AAlBN,SAAS,cAAc;AACvB,SAAS,mBAAmB;AAC5B,SAAS,qBAAqB;AAOvB,aAAM,UAAmC,CAAC,EAAE,KAAK,eAAe,SAAS,MAAM;AACpF,QAAM,WAAW,YAAY;AAC7B,QAAM,YAAY,CAAC,UAA2D;AAC5E,UAAM,gBAAgB;AACtB,aAAS,cAAc,IAAI,GAAG,CAAC;AAAA,EACjC;AAEA,SACE,qBAAC,SAAI,WAAW,UAAU,SAAS,eACjC;AAAA,wBAAC,SAAI,KAAK,IAAI,KAAe,WAAU,YAAW;AAAA,IAClD,qBAAC,OAAE,WAAU,cACV;AAAA,UAAI,UAAU,aAAa,IAAI,QAAQ;AAAA,MAAI;AAAA,MAAE,IAAI;AAAA,OACpD;AAAA,IACA,qBAAC,OAAE,WAAU,iBAAgB,OAAO,IAAI,SAAS;AAAA;AAAA,MACrC,IAAI;AAAA,OAChB;AAAA,IACA,qBAAC,OAAE,WAAU,iBAAiB;AAAA,aAAO,IAAI,SAAS;AAAA,MAAE;AAAA,OAAU;AAAA,IAC9D,qBAAC,OAAE,WAAU,iBAAgB;AAAA;AAAA,MAAW,IAAI;AAAA,OAAe;AAAA,IAC3D,oBAAC,YAAO,SAAS,WAAW,WAAU,mBAAkB,wBAExD;AAAA,KACF;AAEJ;"
    },
    "_coverageSchema": "1a1c01bbd47fc00a2c39e90264f33305004495a9",
    "hash": "c0d148764be1ebd3dce804b6df90bb3c96502c13"
  },
  "/home/user/Рабочий стол/React-rss/React.Component/src/utils/customHooks.ts": {
    "path": "/home/user/Рабочий стол/React-rss/React.Component/src/utils/customHooks.ts",
    "statementMap": {
      "0": {
        "start": {
          "line": 3,
          "column": 38
        },
        "end": {
          "line": 15,
          "column": 1
        }
      },
      "1": {
        "start": {
          "line": 4,
          "column": 2
        },
        "end": {
          "line": 14,
          "column": 5
        }
      },
      "2": {
        "start": {
          "line": 6,
          "column": 6
        },
        "end": {
          "line": 8,
          "column": 7
        }
      },
      "3": {
        "start": {
          "line": 7,
          "column": 8
        },
        "end": {
          "line": 7,
          "column": 24
        }
      },
      "4": {
        "start": {
          "line": 10,
          "column": 4
        },
        "end": {
          "line": 10,
          "column": 53
        }
      },
      "5": {
        "start": {
          "line": 11,
          "column": 4
        },
        "end": {
          "line": 13,
          "column": 6
        }
      },
      "6": {
        "start": {
          "line": 12,
          "column": 6
        },
        "end": {
          "line": 12,
          "column": 58
        }
      },
      "7": {
        "start": {
          "line": 16,
          "column": 30
        },
        "end": {
          "line": 16,
          "column": 41
        }
      }
    },
    "fnMap": {
      "0": {
        "name": "(anonymous_0)",
        "decl": {
          "start": {
            "line": 3,
            "column": 38
          },
          "end": {
            "line": 3,
            "column": 39
          }
        },
        "loc": {
          "start": {
            "line": 3,
            "column": 62
          },
          "end": {
            "line": 15,
            "column": 1
          }
        },
        "line": 3
      },
      "1": {
        "name": "(anonymous_1)",
        "decl": {
          "start": {
            "line": 4,
            "column": 12
          },
          "end": {
            "line": 4,
            "column": 13
          }
        },
        "loc": {
          "start": {
            "line": 4,
            "column": 18
          },
          "end": {
            "line": 14,
            "column": 3
          }
        },
        "line": 4
      },
      "2": {
        "name": "listener",
        "decl": {
          "start": {
            "line": 5,
            "column": 13
          },
          "end": {
            "line": 5,
            "column": 21
          }
        },
        "loc": {
          "start": {
            "line": 5,
            "column": 25
          },
          "end": {
            "line": 9,
            "column": 5
          }
        },
        "line": 5
      },
      "3": {
        "name": "(anonymous_3)",
        "decl": {
          "start": {
            "line": 11,
            "column": 11
          },
          "end": {
            "line": 11,
            "column": 12
          }
        },
        "loc": {
          "start": {
            "line": 11,
            "column": 17
          },
          "end": {
            "line": 13,
            "column": 5
          }
        },
        "line": 11
      }
    },
    "branchMap": {
      "0": {
        "loc": {
          "start": {
            "line": 6,
            "column": 6
          },
          "end": {
            "line": 8,
            "column": 7
          }
        },
        "type": "if",
        "locations": [
          {
            "start": {
              "line": 6,
              "column": 6
            },
            "end": {
              "line": 8,
              "column": 7
            }
          },
          {
            "start": {},
            "end": {}
          }
        ],
        "line": 6
      }
    },
    "s": {
      "0": 10,
      "1": 1,
      "2": 0,
      "3": 0,
      "4": 1,
      "5": 1,
      "6": 0,
      "7": 10
    },
    "f": {
      "0": 1,
      "1": 1,
      "2": 0,
      "3": 0
    },
    "b": {
      "0": [
        0,
        0
      ]
    },
    "inputSourceMap": {
      "version": 3,
      "file": null,
      "sources": [
        "/home/user/Рабочий стол/React-rss/React.Component/src/utils/customHooks.ts"
      ],
      "names": [],
      "mappings": "AAAA,SAAgB,iBAAiB;AACjC,SAA+B,mBAAmB;AAG3C,aAAM,yBAAyB,CACpC,KACA,kBACG;AACH,YAAU,MAAM;AACd,aAAS,SAAS,GAAe;AAC/B,UAAI,CAAC,IAAI,SAAS,SAAS,EAAE,MAAc,GAAG;AAC5C,sBAAc;AAAA,MAChB;AAAA,IACF;AACA,aAAS,iBAAiB,aAAa,QAAQ;AAC/C,WAAO,MAAM;AACX,eAAS,oBAAoB,aAAa,QAAQ;AAAA,IACpD;AAAA,EACF,CAAC;AACH;AAEO,aAAM,iBAAkD;"
    },
    "_coverageSchema": "1a1c01bbd47fc00a2c39e90264f33305004495a9",
    "hash": "285d5e9b2d087554121161308c6620e4fd30f7b2"
  },
  "/home/user/Рабочий стол/React-rss/React.Component/src/components/AccountList.tsx": {
    "path": "/home/user/Рабочий стол/React-rss/React.Component/src/components/AccountList.tsx",
    "statementMap": {
      "0": {
        "start": {
          "line": 5,
          "column": 27
        },
        "end": {
          "line": 23,
          "column": 1
        }
      },
      "1": {
        "start": {
          "line": 6,
          "column": 18
        },
        "end": {
          "line": 6,
          "column": 59
        }
      },
      "2": {
        "start": {
          "line": 6,
          "column": 44
        },
        "end": {
          "line": 6,
          "column": 58
        }
      },
      "3": {
        "start": {
          "line": 7,
          "column": 36
        },
        "end": {
          "line": 7,
          "column": 61
        }
      },
      "4": {
        "start": {
          "line": 8,
          "column": 24
        },
        "end": {
          "line": 10,
          "column": 3
        }
      },
      "5": {
        "start": {
          "line": 9,
          "column": 4
        },
        "end": {
          "line": 9,
          "column": 21
        }
      },
      "6": {
        "start": {
          "line": 11,
          "column": 2
        },
        "end": {
          "line": 22,
          "column": 7
        }
      },
      "7": {
        "start": {
          "line": 13,
          "column": 115
        },
        "end": {
          "line": 21,
          "column": 5
        }
      },
      "8": {
        "start": {
          "line": 17,
          "column": 29
        },
        "end": {
          "line": 17,
          "column": 52
        }
      }
    },
    "fnMap": {
      "0": {
        "name": "(anonymous_0)",
        "decl": {
          "start": {
            "line": 5,
            "column": 27
          },
          "end": {
            "line": 5,
            "column": 28
          }
        },
        "loc": {
          "start": {
            "line": 5,
            "column": 33
          },
          "end": {
            "line": 23,
            "column": 1
          }
        },
        "line": 5
      },
      "1": {
        "name": "(anonymous_1)",
        "decl": {
          "start": {
            "line": 6,
            "column": 33
          },
          "end": {
            "line": 6,
            "column": 34
          }
        },
        "loc": {
          "start": {
            "line": 6,
            "column": 44
          },
          "end": {
            "line": 6,
            "column": 58
          }
        },
        "line": 6
      },
      "2": {
        "name": "(anonymous_2)",
        "decl": {
          "start": {
            "line": 8,
            "column": 24
          },
          "end": {
            "line": 8,
            "column": 25
          }
        },
        "loc": {
          "start": {
            "line": 8,
            "column": 32
          },
          "end": {
            "line": 10,
            "column": 3
          }
        },
        "line": 8
      },
      "3": {
        "name": "(anonymous_3)",
        "decl": {
          "start": {
            "line": 13,
            "column": 89
          },
          "end": {
            "line": 13,
            "column": 90
          }
        },
        "loc": {
          "start": {
            "line": 13,
            "column": 115
          },
          "end": {
            "line": 21,
            "column": 5
          }
        },
        "line": 13
      },
      "4": {
        "name": "(anonymous_4)",
        "decl": {
          "start": {
            "line": 17,
            "column": 23
          },
          "end": {
            "line": 17,
            "column": 24
          }
        },
        "loc": {
          "start": {
            "line": 17,
            "column": 29
          },
          "end": {
            "line": 17,
            "column": 52
          }
        },
        "line": 17
      }
    },
    "branchMap": {
      "0": {
        "loc": {
          "start": {
            "line": 12,
            "column": 77
          },
          "end": {
            "line": 12,
            "column": 154
          }
        },
        "type": "cond-expr",
        "locations": [
          {
            "start": {
              "line": 12,
              "column": 98
            },
            "end": {
              "line": 12,
              "column": 122
            }
          },
          {
            "start": {
              "line": 12,
              "column": 125
            },
            "end": {
              "line": 12,
              "column": 154
            }
          }
        ],
        "line": 12
      },
      "1": {
        "loc": {
          "start": {
            "line": 18,
            "column": 18
          },
          "end": {
            "line": 18,
            "column": 67
          }
        },
        "type": "cond-expr",
        "locations": [
          {
            "start": {
              "line": 18,
              "column": 43
            },
            "end": {
              "line": 18,
              "column": 59
            }
          },
          {
            "start": {
              "line": 18,
              "column": 62
            },
            "end": {
              "line": 18,
              "column": 67
            }
          }
        ],
        "line": 18
      }
    },
    "s": {
      "0": 10,
      "1": 9,
      "2": 13,
      "3": 9,
      "4": 9,
      "5": 1,
      "6": 9,
      "7": 7,
      "8": 1
    },
    "f": {
      "0": 9,
      "1": 13,
      "2": 1,
      "3": 7,
      "4": 1
    },
    "b": {
      "0": [
        5,
        4
      ],
      "1": [
        1,
        6
      ]
    },
    "inputSourceMap": {
      "version": 3,
      "file": null,
      "sources": [
        "/home/user/Рабочий стол/React-rss/React.Component/src/components/AccountList.tsx"
      ],
      "names": [],
      "mappings": "AAYI,SACE,KADF;AAZJ,SAAgB,gBAAgB;AAChC,SAAS,eAAe;AACxB,SAAS,sBAAsB;AAExB,aAAM,cAAwB,MAAM;AACzC,QAAM,UAAU,eAAe,CAAC,UAAU,MAAM,QAAQ;AACxD,QAAM,CAAC,WAAW,YAAY,IAAI,SAAS,QAAQ,CAAC,GAAG,GAAG;AAE1D,QAAM,gBAAgB,CAAC,OAAe;AACpC,iBAAa,EAAE;AAAA,EACjB;AACA,SACE,qBAAC,aAAQ,WAAU,iBACjB;AAAA,wBAAC,QAAG,WAAU,wBACX,kBAAQ,SAAS,IAAI,2BAA2B,+BACnD;AAAA,IACA,oBAAC,SAAI,WAAU,uBACZ,kBAAQ,IAAI,CAAC,SACZ;AAAA,MAAC;AAAA;AAAA,QACC,KAAK;AAAA,QAEL,eAAe,MAAM,cAAc,KAAK,GAAG;AAAA,QAC3C,UAAU,cAAc,KAAK,MAAM,mBAAmB;AAAA;AAAA,MAFjD,KAAK;AAAA,IAGZ,CACD,GACH;AAAA,KACF;AAEJ;"
    },
    "_coverageSchema": "1a1c01bbd47fc00a2c39e90264f33305004495a9",
    "hash": "387ff2864c5e57a7399087b82f27e339288bd3bb"
  },
  "/home/user/Рабочий стол/React-rss/React.Component/src/pages/FormPage.tsx": {
    "path": "/home/user/Рабочий стол/React-rss/React.Component/src/pages/FormPage.tsx",
    "statementMap": {
      "0": {
        "start": {
          "line": 4,
          "column": 24
        },
        "end": {
          "line": 9,
          "column": 1
        }
      },
      "1": {
        "start": {
          "line": 5,
          "column": 2
        },
        "end": {
          "line": 8,
          "column": 7
        }
      }
    },
    "fnMap": {
      "0": {
        "name": "(anonymous_0)",
        "decl": {
          "start": {
            "line": 4,
            "column": 24
          },
          "end": {
            "line": 4,
            "column": 25
          }
        },
        "loc": {
          "start": {
            "line": 4,
            "column": 30
          },
          "end": {
            "line": 9,
            "column": 1
          }
        },
        "line": 4
      }
    },
    "branchMap": {},
    "s": {
      "0": 10,
      "1": 4
    },
    "f": {
      "0": 4
    },
    "b": {},
    "inputSourceMap": {
      "version": 3,
      "file": null,
      "sources": [
        "/home/user/Рабочий стол/React-rss/React.Component/src/pages/FormPage.tsx"
      ],
      "names": [],
      "mappings": "AAMI,SACE,KADF;AALJ,SAAS,qBAAqB;AAC9B,SAAS,mBAAmB;AAErB,aAAM,WAAqB,MAAM;AACtC,SACE,qBAAC,SAAI,WAAU,aACb;AAAA,wBAAC,iBAAc;AAAA,IACf,oBAAC,eAAY;AAAA,KACf;AAEJ;"
    },
    "_coverageSchema": "1a1c01bbd47fc00a2c39e90264f33305004495a9",
    "hash": "f81d911b3b4b78f4c0a612c59f0eb5d7fe8270f9"
  },
  "/home/user/Рабочий стол/React-rss/React.Component/src/components/Card.tsx": {
    "path": "/home/user/Рабочий стол/React-rss/React.Component/src/components/Card.tsx",
    "statementMap": {
      "0": {
        "start": {
          "line": 2,
          "column": 13
        },
        "end": {
          "line": 4,
          "column": 1
        }
      },
      "1": {
        "start": {
          "line": 3,
          "column": 2
        },
        "end": {
          "line": 3,
          "column": 187
        }
      },
      "2": {
        "start": {
          "line": 3,
          "column": 135
        },
        "end": {
          "line": 3,
          "column": 153
        }
      }
    },
    "fnMap": {
      "0": {
        "name": "(anonymous_0)",
        "decl": {
          "start": {
            "line": 2,
            "column": 13
          },
          "end": {
            "line": 2,
            "column": 14
          }
        },
        "loc": {
          "start": {
            "line": 2,
            "column": 41
          },
          "end": {
            "line": 4,
            "column": 1
          }
        },
        "line": 2
      },
      "1": {
        "name": "(anonymous_1)",
        "decl": {
          "start": {
            "line": 3,
            "column": 129
          },
          "end": {
            "line": 3,
            "column": 130
          }
        },
        "loc": {
          "start": {
            "line": 3,
            "column": 135
          },
          "end": {
            "line": 3,
            "column": 153
          }
        },
        "line": 3
      }
    },
    "branchMap": {},
    "s": {
      "0": 10,
      "1": 120,
      "2": 1
    },
    "f": {
      "0": 120,
      "1": 1
    },
    "b": {},
    "inputSourceMap": {
      "version": 3,
      "file": null,
      "sources": [
        "/home/user/Рабочий стол/React-rss/React.Component/src/components/Card.tsx"
      ],
      "names": [],
      "mappings": "AAWM;AAHN,MAAM,OAA4B,CAAC,EAAE,MAAM,aAAa,MAAM;AAC5D,SACE,oBAAC,SAAI,WAAU,eACb,8BAAC,SAAI,KAAK,KAAK,OAAO,SAAS,MAAM,aAAa,IAAI,GAAG,WAAU,gBAAe,GACpF;AAEJ;AAEA,eAAe;"
    },
    "_coverageSchema": "1a1c01bbd47fc00a2c39e90264f33305004495a9",
    "hash": "91d542c3d0d5115b41b75e5af9d5e6f02696e2ce"
  },
  "/home/user/Рабочий стол/React-rss/React.Component/src/components/Modal.tsx": {
    "path": "/home/user/Рабочий стол/React-rss/React.Component/src/components/Modal.tsx",
    "statementMap": {
      "0": {
        "start": {
          "line": 5,
          "column": 21
        },
        "end": {
          "line": 44,
          "column": 1
        }
      },
      "1": {
        "start": {
          "line": 6,
          "column": 16
        },
        "end": {
          "line": 6,
          "column": 28
        }
      },
      "2": {
        "start": {
          "line": 7,
          "column": 39
        },
        "end": {
          "line": 7,
          "column": 78
        }
      },
      "3": {
        "start": {
          "line": 7,
          "column": 65
        },
        "end": {
          "line": 7,
          "column": 77
        }
      },
      "4": {
        "start": {
          "line": 8,
          "column": 2
        },
        "end": {
          "line": 8,
          "column": 46
        }
      },
      "5": {
        "start": {
          "line": 10,
          "column": 2
        },
        "end": {
          "line": 36,
          "column": 3
        }
      },
      "6": {
        "start": {
          "line": 11,
          "column": 4
        },
        "end": {
          "line": 11,
          "column": 146
        }
      },
      "7": {
        "start": {
          "line": 13,
          "column": 4
        },
        "end": {
          "line": 35,
          "column": 5
        }
      },
      "8": {
        "start": {
          "line": 14,
          "column": 6
        },
        "end": {
          "line": 14,
          "column": 71
        }
      },
      "9": {
        "start": {
          "line": 16,
          "column": 6
        },
        "end": {
          "line": 34,
          "column": 11
        }
      },
      "10": {
        "start": {
          "line": 37,
          "column": 2
        },
        "end": {
          "line": 43,
          "column": 7
        }
      }
    },
    "fnMap": {
      "0": {
        "name": "(anonymous_0)",
        "decl": {
          "start": {
            "line": 5,
            "column": 21
          },
          "end": {
            "line": 5,
            "column": 22
          }
        },
        "loc": {
          "start": {
            "line": 5,
            "column": 54
          },
          "end": {
            "line": 44,
            "column": 1
          }
        },
        "line": 5
      },
      "1": {
        "name": "(anonymous_1)",
        "decl": {
          "start": {
            "line": 7,
            "column": 54
          },
          "end": {
            "line": 7,
            "column": 55
          }
        },
        "loc": {
          "start": {
            "line": 7,
            "column": 65
          },
          "end": {
            "line": 7,
            "column": 77
          }
        },
        "line": 7
      }
    },
    "branchMap": {
      "0": {
        "loc": {
          "start": {
            "line": 10,
            "column": 2
          },
          "end": {
            "line": 36,
            "column": 3
          }
        },
        "type": "if",
        "locations": [
          {
            "start": {
              "line": 10,
              "column": 2
            },
            "end": {
              "line": 36,
              "column": 3
            }
          },
          {
            "start": {
              "line": 12,
              "column": 9
            },
            "end": {
              "line": 36,
              "column": 3
            }
          }
        ],
        "line": 10
      },
      "1": {
        "loc": {
          "start": {
            "line": 13,
            "column": 4
          },
          "end": {
            "line": 35,
            "column": 5
          }
        },
        "type": "if",
        "locations": [
          {
            "start": {
              "line": 13,
              "column": 4
            },
            "end": {
              "line": 35,
              "column": 5
            }
          },
          {
            "start": {
              "line": 15,
              "column": 11
            },
            "end": {
              "line": 35,
              "column": 5
            }
          }
        ],
        "line": 13
      }
    },
    "s": {
      "0": 10,
      "1": 1,
      "2": 1,
      "3": 1,
      "4": 1,
      "5": 1,
      "6": 1,
      "7": 0,
      "8": 0,
      "9": 0,
      "10": 1
    },
    "f": {
      "0": 1,
      "1": 1
    },
    "b": {
      "0": [
        1,
        0
      ],
      "1": [
        0,
        0
      ]
    },
    "inputSourceMap": {
      "version": 3,
      "file": null,
      "sources": [
        "/home/user/Рабочий стол/React-rss/React.Component/src/components/Modal.tsx"
      ],
      "names": [],
      "mappings": "AAsBQ,SAQA,UARA,KASE,YATF;AArBR,SAAgB,cAAc;AAC9B,SAAS,gBAAgB,8BAA8B;AACvD,OAAO,gBAAgB;AAQhB,aAAM,QAA+B,CAAC,EAAE,WAAW,aAAa,MAAM;AAC3E,QAAM,QAAQ,OAAuB,IAAI;AACzC,QAAM,EAAE,WAAW,cAAc,IAAI,eAAe,CAAC,UAAU,MAAM,MAAM;AAE3E,yBAAuB,OAAO,YAAY;AAE1C,MAAI;AAEJ,MAAI,eAAe;AACjB,aACE,oBAAC,SAAI,OAAO,EAAE,OAAO,UAAU,QAAQ,GACrC,8BAAC,cAAW,OAAM,WAAU,GAC9B;AAAA,EAEJ,OAAO;AACL,QAAI,CAAC,WAAW;AACd,eAAS,oBAAC,QAAG,0BAAY;AAAA,IAC3B,OAAO;AACL,eACE,iCACE;AAAA,6BAAC,OAAE,WAAU,4BAA2B;AAAA;AAAA,UAAQ,UAAU;AAAA,WAAM;AAAA,QAChE,oBAAC,SAAI,KAAK,UAAU,OAAO,WAAU,kBAAiB;AAAA,QACtD,qBAAC,OAAE,WAAU,eAAc;AAAA;AAAA,UAAmB,UAAU;AAAA,WAAG;AAAA,QAC3D,qBAAC,OAAE,WAAU,eAAc;AAAA;AAAA,UAAc,UAAU;AAAA,WAAM;AAAA,QACzD,qBAAC,OAAE,WAAU,eAAc;AAAA;AAAA,UAAW,UAAU,MAAM;AAAA,WAAS;AAAA,SACjE;AAAA,IAEJ;AAAA,EACF;AAEA,SACE,qBAAC,aAAQ,WAAU,SAAQ,KAAK,OAC9B;AAAA,yBAAC,SAAI,WAAU,aAAY,SAAS,cAAc,eAAY,YAC5D;AAAA,0BAAC,SAAI,WAAU,0CAAyC;AAAA,MACxD,oBAAC,SAAI,WAAU,0CAAyC;AAAA,OAC1D;AAAA,IACC;AAAA,KACH;AAEJ;"
    },
    "_coverageSchema": "1a1c01bbd47fc00a2c39e90264f33305004495a9",
    "hash": "b627a1a204e35e64ad5766e5fc271d1b9d0b3f92"
  },
  "/home/user/Рабочий стол/React-rss/React.Component/src/features/photoAPI.ts": {
    "path": "/home/user/Рабочий стол/React-rss/React.Component/src/features/photoAPI.ts",
    "statementMap": {
      "0": {
        "start": {
          "line": 3,
          "column": 29
        },
        "end": {
          "line": 3,
          "column": 61
        }
      },
      "1": {
        "start": {
          "line": 4,
          "column": 27
        },
        "end": {
          "line": 10,
          "column": 2
        }
      },
      "2": {
        "start": {
          "line": 5,
          "column": 14
        },
        "end": {
          "line": 7,
          "column": 3
        }
      },
      "3": {
        "start": {
          "line": 8,
          "column": 15
        },
        "end": {
          "line": 8,
          "column": 31
        }
      },
      "4": {
        "start": {
          "line": 9,
          "column": 2
        },
        "end": {
          "line": 9,
          "column": 14
        }
      },
      "5": {
        "start": {
          "line": 11,
          "column": 30
        },
        "end": {
          "line": 17,
          "column": 2
        }
      },
      "6": {
        "start": {
          "line": 12,
          "column": 19
        },
        "end": {
          "line": 14,
          "column": 3
        }
      },
      "7": {
        "start": {
          "line": 15,
          "column": 15
        },
        "end": {
          "line": 15,
          "column": 36
        }
      },
      "8": {
        "start": {
          "line": 16,
          "column": 2
        },
        "end": {
          "line": 16,
          "column": 14
        }
      }
    },
    "fnMap": {
      "0": {
        "name": "(anonymous_0)",
        "decl": {
          "start": {
            "line": 4,
            "column": 59
          },
          "end": {
            "line": 4,
            "column": 60
          }
        },
        "loc": {
          "start": {
            "line": 4,
            "column": 82
          },
          "end": {
            "line": 10,
            "column": 1
          }
        },
        "line": 4
      },
      "1": {
        "name": "(anonymous_1)",
        "decl": {
          "start": {
            "line": 11,
            "column": 65
          },
          "end": {
            "line": 11,
            "column": 66
          }
        },
        "loc": {
          "start": {
            "line": 11,
            "column": 79
          },
          "end": {
            "line": 17,
            "column": 1
          }
        },
        "line": 11
      }
    },
    "branchMap": {
      "0": {
        "loc": {
          "start": {
            "line": 3,
            "column": 29
          },
          "end": {
            "line": 3,
            "column": 61
          }
        },
        "type": "binary-expr",
        "locations": [
          {
            "start": {
              "line": 3,
              "column": 29
            },
            "end": {
              "line": 3,
              "column": 47
            }
          },
          {
            "start": {
              "line": 3,
              "column": 51
            },
            "end": {
              "line": 3,
              "column": 61
            }
          }
        ],
        "line": 3
      }
    },
    "s": {
      "0": 10,
      "1": 10,
      "2": 8,
      "3": 5,
      "4": 5,
      "5": 10,
      "6": 1,
      "7": 0,
      "8": 0
    },
    "f": {
      "0": 8,
      "1": 1
    },
    "b": {
      "0": [
        10,
        10
      ]
    },
    "inputSourceMap": {
      "version": 3,
      "file": null,
      "sources": [
        "/home/user/Рабочий стол/React-rss/React.Component/src/features/photoAPI.ts"
      ],
      "names": [],
      "mappings": "AACA,SAAS,eAAe;AACxB,YAAY,gBAAgB;AAE5B,MAAM,EAAE,iBAAiB,IAAM,WAAmB,WAAW;AAEtD,aAAM,cAAc,iBAAiB,eAAe,OAAO,gBAAwB;AACxF,QAAM,MAAM,MAAM;AAAA,IAChB,6EAA6E,gBAAgB;AAAA,EAC/F;AACA,QAAM,OAAa,MAAM,IAAI,KAAK;AAClC,SAAO;AACT,CAAC;AAEM,aAAM,iBAAiB,iBAAiB,kBAAkB,OAAO,OAAe;AACrF,QAAM,WAAW,MAAM;AAAA,IACrB,wHAAwH;AAAA,EAC1H;AACA,QAAM,OAAuB,MAAM,SAAS,KAAK;AACjD,SAAO;AACT,CAAC;"
    },
    "_coverageSchema": "1a1c01bbd47fc00a2c39e90264f33305004495a9",
    "hash": "8335874fe5389f7ab1ccae2dc818eb80057e2519"
  },
  "/home/user/Рабочий стол/React-rss/React.Component/src/components/CardList.tsx": {
    "path": "/home/user/Рабочий стол/React-rss/React.Component/src/components/CardList.tsx",
    "statementMap": {
      "0": {
        "start": {
          "line": 8,
          "column": 17
        },
        "end": {
          "line": 38,
          "column": 1
        }
      },
      "1": {
        "start": {
          "line": 9,
          "column": 36
        },
        "end": {
          "line": 9,
          "column": 46
        }
      },
      "2": {
        "start": {
          "line": 10,
          "column": 40
        },
        "end": {
          "line": 10,
          "column": 55
        }
      },
      "3": {
        "start": {
          "line": 11,
          "column": 19
        },
        "end": {
          "line": 11,
          "column": 32
        }
      },
      "4": {
        "start": {
          "line": 12,
          "column": 43
        },
        "end": {
          "line": 12,
          "column": 82
        }
      },
      "5": {
        "start": {
          "line": 12,
          "column": 69
        },
        "end": {
          "line": 12,
          "column": 81
        }
      },
      "6": {
        "start": {
          "line": 13,
          "column": 2
        },
        "end": {
          "line": 15,
          "column": 9
        }
      },
      "7": {
        "start": {
          "line": 14,
          "column": 4
        },
        "end": {
          "line": 14,
          "column": 45
        }
      },
      "8": {
        "start": {
          "line": 16,
          "column": 20
        },
        "end": {
          "line": 20,
          "column": 3
        }
      },
      "9": {
        "start": {
          "line": 17,
          "column": 4
        },
        "end": {
          "line": 17,
          "column": 43
        }
      },
      "10": {
        "start": {
          "line": 18,
          "column": 4
        },
        "end": {
          "line": 18,
          "column": 33
        }
      },
      "11": {
        "start": {
          "line": 19,
          "column": 4
        },
        "end": {
          "line": 19,
          "column": 28
        }
      },
      "12": {
        "start": {
          "line": 21,
          "column": 21
        },
        "end": {
          "line": 23,
          "column": 3
        }
      },
      "13": {
        "start": {
          "line": 22,
          "column": 4
        },
        "end": {
          "line": 22,
          "column": 26
        }
      },
      "14": {
        "start": {
          "line": 25,
          "column": 2
        },
        "end": {
          "line": 33,
          "column": 3
        }
      },
      "15": {
        "start": {
          "line": 26,
          "column": 4
        },
        "end": {
          "line": 26,
          "column": 97
        }
      },
      "16": {
        "start": {
          "line": 28,
          "column": 4
        },
        "end": {
          "line": 32,
          "column": 5
        }
      },
      "17": {
        "start": {
          "line": 29,
          "column": 6
        },
        "end": {
          "line": 29,
          "column": 104
        }
      },
      "18": {
        "start": {
          "line": 31,
          "column": 6
        },
        "end": {
          "line": 31,
          "column": 112
        }
      },
      "19": {
        "start": {
          "line": 31,
          "column": 51
        },
        "end": {
          "line": 31,
          "column": 110
        }
      },
      "20": {
        "start": {
          "line": 34,
          "column": 2
        },
        "end": {
          "line": 37,
          "column": 7
        }
      }
    },
    "fnMap": {
      "0": {
        "name": "(anonymous_0)",
        "decl": {
          "start": {
            "line": 8,
            "column": 17
          },
          "end": {
            "line": 8,
            "column": 18
          }
        },
        "loc": {
          "start": {
            "line": 8,
            "column": 23
          },
          "end": {
            "line": 38,
            "column": 1
          }
        },
        "line": 8
      },
      "1": {
        "name": "(anonymous_1)",
        "decl": {
          "start": {
            "line": 12,
            "column": 58
          },
          "end": {
            "line": 12,
            "column": 59
          }
        },
        "loc": {
          "start": {
            "line": 12,
            "column": 69
          },
          "end": {
            "line": 12,
            "column": 81
          }
        },
        "line": 12
      },
      "2": {
        "name": "(anonymous_2)",
        "decl": {
          "start": {
            "line": 13,
            "column": 12
          },
          "end": {
            "line": 13,
            "column": 13
          }
        },
        "loc": {
          "start": {
            "line": 13,
            "column": 18
          },
          "end": {
            "line": 15,
            "column": 3
          }
        },
        "line": 13
      },
      "3": {
        "name": "(anonymous_3)",
        "decl": {
          "start": {
            "line": 16,
            "column": 20
          },
          "end": {
            "line": 16,
            "column": 21
          }
        },
        "loc": {
          "start": {
            "line": 16,
            "column": 35
          },
          "end": {
            "line": 20,
            "column": 3
          }
        },
        "line": 16
      },
      "4": {
        "name": "(anonymous_4)",
        "decl": {
          "start": {
            "line": 21,
[...]
            "line": 14,
            "column": 21
          }
        },
        "loc": {
          "start": {
            "line": 14,
            "column": 44
          },
          "end": {
            "line": 16,
            "column": 5
          }
        },
        "line": 14
      },
      "1": {
        "name": "(anonymous_1)",
        "decl": {
          "start": {
            "line": 18,
            "column": 2
          },
          "end": {
            "line": 18,
            "column": 3
          }
        },
        "loc": {
          "start": {
            "line": 18,
            "column": 25
          },
          "end": {
            "line": 30,
            "column": 3
          }
        },
        "line": 18
      },
      "2": {
        "name": "(anonymous_2)",
        "decl": {
          "start": {
            "line": 19,
            "column": 43
          },
          "end": {
            "line": 19,
            "column": 44
          }
        },
        "loc": {
          "start": {
            "line": 19,
            "column": 62
          },
          "end": {
            "line": 22,
            "column": 5
          }
        },
        "line": 19
      },
      "3": {
        "name": "(anonymous_3)",
        "decl": {
          "start": {
            "line": 22,
            "column": 36
          },
          "end": {
            "line": 22,
            "column": 37
          }
        },
        "loc": {
          "start": {
            "line": 22,
            "column": 47
          },
          "end": {
            "line": 24,
            "column": 5
          }
        },
        "line": 22
      },
      "4": {
        "name": "(anonymous_4)",
        "decl": {
          "start": {
            "line": 24,
            "column": 41
          },
          "end": {
            "line": 24,
            "column": 42
          }
        },
        "loc": {
          "start": {
            "line": 24,
            "column": 60
          },
          "end": {
            "line": 27,
            "column": 5
          }
        },
        "line": 24
      },
      "5": {
        "name": "(anonymous_5)",
        "decl": {
          "start": {
            "line": 27,
            "column": 39
          },
          "end": {
            "line": 27,
            "column": 40
          }
        },
        "loc": {
          "start": {
            "line": 27,
            "column": 50
          },
          "end": {
            "line": 29,
            "column": 5
          }
        },
        "line": 27
      }
    },
    "branchMap": {
      "0": {
        "loc": {
          "start": {
            "line": 2,
            "column": 24
          },
          "end": {
            "line": 2,
            "column": 56
          }
        },
        "type": "binary-expr",
        "locations": [
          {
            "start": {
              "line": 2,
              "column": 24
            },
            "end": {
              "line": 2,
              "column": 42
            }
          },
          {
            "start": {
              "line": 2,
              "column": 46
            },
            "end": {
              "line": 2,
              "column": 56
            }
          }
        ],
        "line": 2
      }
    },
    "s": {
      "0": 10,
      "1": 10,
      "2": 10,
      "3": 2,
      "4": 10,
      "5": 5,
      "6": 5,
      "7": 8,
      "8": 0,
      "9": 0,
      "10": 1,
      "11": 10
    },
    "f": {
      "0": 2,
      "1": 10,
      "2": 5,
      "3": 8,
      "4": 0,
      "5": 1
    },
    "b": {
      "0": [
        10,
        10
      ]
    },
    "inputSourceMap": {
      "version": 3,
      "file": null,
      "sources": [
        "/home/user/Рабочий стол/React-rss/React.Component/src/store/searchSlice.ts"
      ],
      "names": [],
      "mappings": "AAAA,YAAY,gBAAgB;AAC5B,MAAM,EAAE,YAAY,IAAM,WAA8B,WAAW;AAInE,SAAS,gBAAgB,mBAAmB;AAG5C,MAAM,eAMF;AAAA,EACF,OAAO;AAAA,EACP,OAAO,CAAC;AAAA,EACR,gBAAgB;AAAA,EAChB,eAAe;AACjB;AAEO,aAAM,cAAc,YAAY;AAAA,EACrC,MAAM;AAAA,EACN;AAAA,EACA,UAAU;AAAA,IACR,gBAAgB,CAAC,OAAO,EAAE,QAAQ,MAA6B;AAC7D,YAAM,QAAQ;AAAA,IAChB;AAAA,EACF;AAAA,EACA,cAAc,SAAS;AACrB,YACG,QAAQ,YAAY,WAAW,CAAC,OAAO,WAAW;AACjD,YAAM,QAAQ,OAAO,QAAQ,OAAO;AACpC,YAAM,iBAAiB;AAAA,IACzB,CAAC,EACA,QAAQ,YAAY,SAAS,CAAC,UAAU;AACvC,YAAM,iBAAiB;AAAA,IACzB,CAAC,EACA,QAAQ,eAAe,WAAW,CAAC,OAAO,WAAW;AACpD,YAAM,YAAY,OAAO,QAAQ;AACjC,YAAM,gBAAgB;AAAA,IACxB,CAAC,EACA,QAAQ,eAAe,SAAS,CAAC,UAAU;AAC1C,YAAM,gBAAgB;AAAA,IACxB,CAAC;AAAA,EACL;AACF,CAAC;AAEM,aAAM,EAAE,eAAe,IAAI,YAAY;"
    },
    "_coverageSchema": "1a1c01bbd47fc00a2c39e90264f33305004495a9",
    "hash": "b223de68c49c4af902c74fd92d56f478dcabb3d8"
  },
  "/home/user/Рабочий стол/React-rss/React.Component/src/components/Search.tsx": {
    "path": "/home/user/Рабочий стол/React-rss/React.Component/src/components/Search.tsx",
    "statementMap": {
      "0": {
        "start": {
          "line": 7,
          "column": 22
        },
        "end": {
          "line": 37,
          "column": 1
        }
      },
      "1": {
        "start": {
          "line": 8,
          "column": 22
        },
        "end": {
          "line": 8,
          "column": 67
        }
      },
      "2": {
        "start": {
          "line": 8,
          "column": 48
        },
        "end": {
          "line": 8,
          "column": 66
        }
      },
      "3": {
        "start": {
          "line": 9,
          "column": 19
        },
        "end": {
          "line": 9,
          "column": 32
        }
      },
      "4": {
        "start": {
          "line": 10,
          "column": 38
        },
        "end": {
          "line": 10,
          "column": 59
        }
      },
      "5": {
        "start": {
          "line": 11,
          "column": 2
        },
        "end": {
          "line": 36,
          "column": 4
        }
      },
      "6": {
        "start": {
          "line": 18,
          "column": 8
        },
        "end": {
          "line": 18,
          "column": 27
        }
      },
      "7": {
        "start": {
          "line": 19,
          "column": 8
        },
        "end": {
          "line": 19,
          "column": 45
        }
      },
      "8": {
        "start": {
          "line": 20,
          "column": 8
        },
        "end": {
          "line": 20,
          "column": 42
        }
      },
      "9": {
        "start": {
          "line": 30,
          "column": 29
        },
        "end": {
          "line": 30,
          "column": 58
        }
      }
    },
    "fnMap": {
      "0": {
        "name": "(anonymous_0)",
        "decl": {
          "start": {
            "line": 7,
            "column": 22
          },
          "end": {
            "line": 7,
            "column": 23
          }
        },
        "loc": {
          "start": {
            "line": 7,
            "column": 28
          },
          "end": {
            "line": 37,
            "column": 1
          }
        },
        "line": 7
      },
      "1": {
        "name": "(anonymous_1)",
        "decl": {
          "start": {
            "line": 8,
            "column": 37
          },
          "end": {
            "line": 8,
            "column": 38
          }
        },
        "loc": {
          "start": {
            "line": 8,
            "column": 48
          },
          "end": {
            "line": 8,
            "column": 66
          }
        },
        "line": 8
      },
      "2": {
        "name": "(anonymous_2)",
        "decl": {
          "start": {
            "line": 17,
            "column": 16
          },
          "end": {
            "line": 17,
            "column": 17
          }
        },
        "loc": {
          "start": {
            "line": 17,
            "column": 23
          },
          "end": {
            "line": 21,
            "column": 7
          }
        },
        "line": 17
      },
      "3": {
        "name": "(anonymous_3)",
        "decl": {
          "start": {
            "line": 30,
            "column": 22
          },
          "end": {
            "line": 30,
            "column": 23
          }
        },
        "loc": {
          "start": {
            "line": 30,
            "column": 29
          },
          "end": {
            "line": 30,
            "column": 58
          }
        },
        "line": 30
      }
    },
    "branchMap": {},
    "s": {
      "0": 10,
      "1": 17,
      "2": 27,
      "3": 17,
      "4": 17,
      "5": 17,
      "6": 2,
      "7": 2,
      "8": 2,
      "9": 8
    },
    "f": {
      "0": 17,
      "1": 27,
      "2": 2,
      "3": 8
    },
    "b": {},
    "inputSourceMap": {
      "version": 3,
      "file": null,
      "sources": [
        "/home/user/Рабочий стол/React-rss/React.Component/src/components/Search.tsx"
      ],
      "names": [],
      "mappings": "AAaI,SAUE,KAVF;AAbJ,SAAgB,gBAAgB;AAChC,SAAS,mBAAmB;AAC5B,SAAS,mBAAmB;AAE5B,SAAS,sBAAsB;AAC/B,SAAS,sBAAsB;AAExB,aAAM,SAAmB,MAAM;AACpC,QAAM,cAAc,eAAe,CAAC,UAAU,MAAM,OAAO,KAAK;AAChE,QAAM,WAAW,YAAyB;AAC1C,QAAM,CAAC,YAAY,aAAa,IAAI,SAAS,WAAW;AAExD,SACE;AAAA,IAAC;AAAA;AAAA,MACC,WAAU;AAAA,MACV,QAAO;AAAA,MACP,eAAY;AAAA,MACZ,UAAU,CAAC,MAAM;AACf,UAAE,eAAe;AACjB,iBAAS,eAAe,UAAU,CAAC;AACnC,iBAAS,YAAY,UAAU,CAAC;AAAA,MAClC;AAAA,MAEA;AAAA;AAAA,UAAC;AAAA;AAAA,YACC,MAAK;AAAA,YACL,aAAY;AAAA,YACZ,WAAU;AAAA,YACV,OAAO;AAAA,YACP,UAAU,CAAC,MAAM,cAAc,EAAE,OAAO,KAAK;AAAA;AAAA,QAC/C;AAAA,QACA,oBAAC,SAAI,KAAI,4BAA2B,WAAU,sBAAqB;AAAA;AAAA;AAAA,EACrE;AAEJ;"
    },
    "_coverageSchema": "1a1c01bbd47fc00a2c39e90264f33305004495a9",
    "hash": "94c3b15f2951185dc6be4d3c140c9cad38bfcce5"
  },
  "/home/user/Рабочий стол/React-rss/React.Component/src/pages/MainPage.tsx": {
    "path": "/home/user/Рабочий стол/React-rss/React.Component/src/pages/MainPage.tsx",
    "statementMap": {
      "0": {
        "start": {
          "line": 4,
          "column": 24
        },
        "end": {
          "line": 9,
          "column": 1
        }
      },
      "1": {
        "start": {
          "line": 5,
          "column": 2
        },
        "end": {
          "line": 8,
          "column": 7
        }
      }
    },
    "fnMap": {
      "0": {
        "name": "(anonymous_0)",
        "decl": {
          "start": {
            "line": 4,
            "column": 24
          },
          "end": {
            "line": 4,
            "column": 25
          }
        },
        "loc": {
          "start": {
            "line": 4,
            "column": 30
          },
          "end": {
            "line": 9,
            "column": 1
          }
        },
        "line": 4
      }
    },
    "branchMap": {},
    "s": {
      "0": 10,
      "1": 7
    },
    "f": {
      "0": 7
    },
    "b": {},
    "inputSourceMap": {
      "version": 3,
      "file": null,
      "sources": [
        "/home/user/Рабочий стол/React-rss/React.Component/src/pages/MainPage.tsx"
      ],
      "names": [],
      "mappings": "AAOI,mBACE,KADF;AALJ,OAAO,cAAc;AACrB,SAAS,cAAc;AAEhB,aAAM,WAAqB,MAAM;AACtC,SACE,iCACE;AAAA,wBAAC,UAAO;AAAA,IACR,oBAAC,YAAS;AAAA,KACZ;AAEJ;"
    },
    "_coverageSchema": "1a1c01bbd47fc00a2c39e90264f33305004495a9",
    "hash": "0499e906fbc91de29a1080495d00fcae1986dd69"
  },
  "/home/user/Рабочий стол/React-rss/React.Component/src/store/store.ts": {
    "path": "/home/user/Рабочий стол/React-rss/React.Component/src/store/store.ts",
    "statementMap": {
      "0": {
        "start": {
          "line": 2,
          "column": 44
        },
        "end": {
          "line": 2,
          "column": 76
        }
      },
      "1": {
        "start": {
          "line": 5,
          "column": 17
        },
        "end": {
          "line": 8,
          "column": 2
        }
      },
      "2": {
        "start": {
          "line": 9,
          "column": 21
        },
        "end": {
          "line": 11,
          "column": 2
        }
      }
    },
    "fnMap": {},
    "branchMap": {
      "0": {
        "loc": {
          "start": {
            "line": 2,
            "column": 44
          },
          "end": {
            "line": 2,
            "column": 76
          }
        },
        "type": "binary-expr",
        "locations": [
          {
            "start": {
              "line": 2,
              "column": 44
            },
            "end": {
              "line": 2,
              "column": 62
            }
          },
          {
            "start": {
              "line": 2,
              "column": 66
            },
            "end": {
              "line": 2,
              "column": 76
            }
          }
        ],
        "line": 2
      }
    },
    "s": {
      "0": 10,
      "1": 10,
      "2": 10
    },
    "f": {},
    "b": {
      "0": [
        10,
        10
      ]
    },
    "inputSourceMap": {
      "version": 3,
      "file": null,
      "sources": [
        "/home/user/Рабочий стол/React-rss/React.Component/src/store/store.ts"
      ],
      "names": [],
      "mappings": "AAAA,YAAY,gBAAgB;AAC5B,MAAM,EAAE,iBAAiB,eAAe,IAAM,WAA8B,WAC1E;AAEF,SAAS,qBAAqB;AAC9B,SAAS,mBAAmB;AAE5B,MAAM,WAAW,gBAAgB;AAAA,EAC/B,UAAU,cAAc;AAAA,EACxB,QAAQ,YAAY;AACtB,CAAC;AAEM,aAAM,QAAQ,eAAe;AAAA,EAClC,SAAS;AACX,CAAC;"
    },
    "_coverageSchema": "1a1c01bbd47fc00a2c39e90264f33305004495a9",
    "hash": "1fbe4e1eca63508570e1ce064a2b38e374cdd1b1"
  },
  "/home/user/Рабочий стол/React-rss/React.Component/src/App.tsx": {
    "path": "/home/user/Рабочий стол/React-rss/React.Component/src/App.tsx",
    "statementMap": {
      "0": {
        "start": {
          "line": 10,
          "column": 25
        },
        "end": {
          "line": 17,
          "column": 1
        }
      },
      "1": {
        "start": {
          "line": 11,
          "column": 2
        },
        "end": {
          "line": 16,
          "column": 16
        }
      },
      "2": {
        "start": {
          "line": 18,
          "column": 19
        },
        "end": {
          "line": 29,
          "column": 1
        }
      },
      "3": {
        "start": {
          "line": 19,
          "column": 2
        },
        "end": {
          "line": 28,
          "column": 7
        }
      }
    },
    "fnMap": {
      "0": {
        "name": "(anonymous_0)",
        "decl": {
          "start": {
            "line": 10,
            "column": 25
          },
          "end": {
            "line": 10,
            "column": 26
          }
        },
        "loc": {
          "start": {
            "line": 10,
            "column": 31
          },
          "end": {
            "line": 17,
            "column": 1
          }
        },
        "line": 10
      },
      "1": {
        "name": "(anonymous_1)",
        "decl": {
          "start": {
            "line": 18,
            "column": 19
          },
          "end": {
            "line": 18,
            "column": 20
          }
        },
        "loc": {
          "start": {
            "line": 18,
            "column": 25
          },
          "end": {
            "line": 29,
            "column": 1
          }
        },
        "line": 18
      }
    },
    "branchMap": {},
    "s": {
      "0": 10,
      "1": 10,
      "2": 10,
      "3": 0
    },
    "f": {
      "0": 10,
      "1": 0
    },
    "b": {},
    "inputSourceMap": {
      "version": 3,
      "file": null,
      "sources": [
        "/home/user/Рабочий стол/React-rss/React.Component/src/App.tsx"
      ],
      "names": [],
      "mappings": "AAYI,mBAG+B,KAAzB,YAHN;AAXJ,SAAS,gBAAgB;AACzB,SAAS,OAAO,cAAc;AAC9B,OAAO,WAAW;AAClB,OAAO,aAAa;AACpB,SAAS,iBAAiB;AAC1B,SAAS,gBAAgB;AACzB,SAAS,gBAAgB;AACzB,SAAS,aAAa;AAEf,aAAM,YAAsB,MAAM;AACvC,SACE,gCACE,8BAAC,YAAS,OACR,8BAAC,UACC,+BAAC,SAAM,MAAK,KAAI,SAAS,oBAAC,SAAM,GAC9B;AAAA,wBAAC,SAAM,OAAO,MAAM,SAAS,oBAAC,YAAS,GAAI;AAAA,IAC3C,oBAAC,SAAM,MAAK,YAAW,SAAS,oBAAC,WAAQ,GAAI;AAAA,IAC7C,oBAAC,SAAM,MAAK,SAAQ,SAAS,oBAAC,YAAS,GAAI;AAAA,IAC3C,oBAAC,SAAM,MAAK,KAAI,SAAS,oBAAC,aAAU,GAAI;AAAA,KAC1C,GACF,GACF,GACF;AAEJ;AAEO,aAAM,MAAgB,MAAM;AACjC,SACE,qBAAC,UAAK,MAAK,MACT;AAAA,yBAAC,UACC;AAAA,0BAAC,UAAK,SAAQ,SAAQ;AAAA,MACtB,oBAAC,UAAK,KAAI,QAAO,MAAK,iBAAgB,MAAK,aAAY;AAAA,MACvD,oBAAC,UAAK,MAAK,YAAW,SAAQ,yCAAwC;AAAA,MACtE,oBAAC,WAAM,+BAAiB;AAAA,MACxB,oBAAC,UAAK,KAAI,cAAa,MAAK,4BAA2B;AAAA,OACzD;AAAA,IACA,oBAAC,UACC,8BAAC,SAAI,IAAG,QACN,8BAAC,aAAU,GACb,GACF;AAAA,KACF;AAEJ;"
    },
    "_coverageSchema": "1a1c01bbd47fc00a2c39e90264f33305004495a9",
    "hash": "a9625c4b69e389c2016f17d6acfdbb1bf7c7ba5b"
  },
  "/home/user/Рабочий стол/React-rss/React.Component/src/client.entry.tsx": {
    "path": "/home/user/Рабочий стол/React-rss/React.Component/src/client.entry.tsx",
    "statementMap": {
      "0": {
        "start": {
          "line": 6,
          "column": 0
        },
        "end": {
          "line": 9,
          "column": 2
        }
      }
    },
    "fnMap": {},
    "branchMap": {},
    "s": {
      "0": 10
    },
    "f": {},
    "b": {},
    "inputSourceMap": {
      "version": 3,
      "file": null,
      "sources": [
        "/home/user/Рабочий стол/React-rss/React.Component/src/client.entry.tsx"
      ],
      "names": [],
      "mappings": "AASI;AARJ,OAAO,cAAc;AACrB,SAAS,qBAAqB;AAC9B,SAAS,iBAAiB;AAC1B,OAAO;AAEP,SAAS;AAAA,EACP,SAAS,eAAe,MAAM;AAAA,EAC9B,oBAAC,iBACC,8BAAC,aAAU,GACb;AACF;"
    },
    "_coverageSchema": "1a1c01bbd47fc00a2c39e90264f33305004495a9",
    "hash": "6ffde73e9dbf9c583f06df9b2942f144888e757a"
  },
  "/home/user/Рабочий стол/React-rss/React.Component/src/router.tsx": {
    "path": "/home/user/Рабочий стол/React-rss/React.Component/src/router.tsx",
    "statementMap": {},
    "fnMap": {},
    "branchMap": {},
    "s": {},
    "f": {},
    "b": {}
  },
  "/home/user/Рабочий стол/React-rss/React.Component/src/vite-env.d.ts": {
    "path": "/home/user/Рабочий стол/React-rss/React.Component/src/vite-env.d.ts",
    "statementMap": {},
    "fnMap": {},
    "branchMap": {},
    "s": {},
    "f": {},
    "b": {}
  },
  "/home/user/Рабочий стол/React-rss/React.Component/src/data/test-data.ts": {
    "path": "/home/user/Рабочий стол/React-rss/React.Component/src/data/test-data.ts",
    "statementMap": {},
    "fnMap": {},
    "branchMap": {},
    "s": {},
    "f": {},
    "b": {}
  },
  "/home/user/Рабочий стол/React-rss/React.Component/src/data/testApiData.ts": {
    "path": "/home/user/Рабочий стол/React-rss/React.Component/src/data/testApiData.ts",
    "statementMap": {},
    "fnMap": {},
    "branchMap": {},
    "s": {},
    "f": {},
    "b": {}
  },
  "/home/user/Рабочий стол/React-rss/React.Component/src/data/testApiSearchRes.ts": {
    "path": "/home/user/Рабочий стол/React-rss/React.Component/src/data/testApiSearchRes.ts",
    "statementMap": {},
    "fnMap": {},
    "branchMap": {},
    "s": {},
    "f": {},
    "b": {}
  },
  "/home/user/Рабочий стол/React-rss/React.Component/src/data/testPhotoData.ts": {
    "path": "/home/user/Рабочий стол/React-rss/React.Component/src/data/testPhotoData.ts",
    "statementMap": {},
    "fnMap": {},
    "branchMap": {},
    "s": {},
    "f": {},
    "b": {}
  },
  "/home/user/Рабочий стол/React-rss/React.Component/src/interfaces/interfaces.ts": {
    "path": "/home/user/Рабочий стол/React-rss/React.Component/src/interfaces/interfaces.ts",
    "statementMap": {},
    "fnMap": {},
    "branchMap": {},
    "s": {},
    "f": {},
    "b": {}
  },
  "/home/user/Рабочий стол/React-rss/React.Component/src/tests/API-mock/path-handlers.ts": {
    "path": "/home/user/Рабочий стол/React-rss/React.Component/src/tests/API-mock/path-handlers.ts",
    "statementMap": {},
    "fnMap": {},
    "branchMap": {},
    "s": {},
    "f": {},
    "b": {}
  },
  "/home/user/Рабочий стол/React-rss/React.Component/src/tests/API-mock/server.ts": {
    "path": "/home/user/Рабочий стол/React-rss/React.Component/src/tests/API-mock/server.ts",
    "statementMap": {},
    "fnMap": {},
    "branchMap": {},
    "s": {},
    "f": {},
    "b": {}
  }
}
