{"/home/user/Рабочий стол/React-rss/React.Component/src/router.tsx": {"path":"/home/user/Рабочий стол/React-rss/React.Component/src/router.tsx","statementMap":{"0":{"start":{"line":1,"column":0},"end":{"line":1,"column":38}},"1":{"start":{"line":2,"column":0},"end":{"line":2,"column":26}},"2":{"start":{"line":3,"column":0},"end":{"line":3,"column":null}},"3":{"start":{"line":9,"column":0},"end":{"line":9,"column":39}},"4":{"start":{"line":10,"column":0},"end":{"line":10,"column":46}},"5":{"start":{"line":11,"column":0},"end":{"line":11,"column":44}},"6":{"start":{"line":18,"column":23},"end":{"line":20,"column":4}},"7":{"start":{"line":21,"column":12},"end":{"line":23,"column":3}},"8":{"start":{"line":22,"column":4},"end":{"line":22,"column":46}},"9":{"start":{"line":25,"column":4},"end":{"line":37,"column":6}},"10":{"start":{"line":41,"column":0},"end":{"line":41,"column":22}}},"fnMap":{"0":{"name":"(anonymous_1)","decl":{"start":{"line":21,"column":12},"end":{"line":21,"column":13}},"loc":{"start":{"line":21,"column":34},"end":{"line":23,"column":3}}},"1":{"name":"(anonymous_2)","decl":{"start":{"line":24,"column":2},"end":{"line":24,"column":8}},"loc":{"start":{"line":24,"column":8},"end":{"line":38,"column":3}}}},"branchMap":{},"s":{"0":1,"1":1,"2":1,"3":1,"4":1,"5":1,"6":3,"7":3,"8":6,"9":9,"10":1},"f":{"0":6,"1":9},"b":{}}
,"/home/user/Рабочий стол/React-rss/React.Component/src/components/Card.tsx": {"path":"/home/user/Рабочий стол/React-rss/React.Component/src/components/Card.tsx","statementMap":{"0":{"start":{"line":2,"column":0},"end":{"line":2,"column":26}},"1":{"start":{"line":8,"column":34},"end":{"line":18,"column":1}},"2":{"start":{"line":9,"column":2},"end":{"line":17,"column":4}},"3":{"start":{"line":20,"column":0},"end":{"line":20,"column":20}}},"fnMap":{"0":{"name":"(anonymous_1)","decl":{"start":{"line":8,"column":34},"end":{"line":8,"column":35}},"loc":{"start":{"line":8,"column":47},"end":{"line":18,"column":1}}}},"branchMap":{},"s":{"0":2,"1":2,"2":271,"3":2},"f":{"0":271},"b":{}}
,"/home/user/Рабочий стол/React-rss/React.Component/src/components/CardList.tsx": {"path":"/home/user/Рабочий стол/React-rss/React.Component/src/components/CardList.tsx","statementMap":{"0":{"start":{"line":2,"column":0},"end":{"line":2,"column":26}},"1":{"start":{"line":3,"column":0},"end":{"line":3,"column":26}},"2":{"start":{"line":8,"column":42},"end":{"line":16,"column":1}},"3":{"start":{"line":9,"column":2},"end":{"line":15,"column":4}},"4":{"start":{"line":12,"column":8},"end":{"line":12,"column":42}},"5":{"start":{"line":18,"column":0},"end":{"line":18,"column":24}}},"fnMap":{"0":{"name":"(anonymous_1)","decl":{"start":{"line":8,"column":42},"end":{"line":8,"column":43}},"loc":{"start":{"line":8,"column":56},"end":{"line":16,"column":1}}},"1":{"name":"(anonymous_2)","decl":{"start":{"line":11,"column":17},"end":{"line":11,"column":18}},"loc":{"start":{"line":12,"column":8},"end":{"line":12,"column":42}}}},"branchMap":{},"s":{"0":2,"1":2,"2":2,"3":9,"4":270,"5":2},"f":{"0":9,"1":270},"b":{}}
,"/home/user/Рабочий стол/React-rss/React.Component/src/components/PageElement.ts": {"path":"/home/user/Рабочий стол/React-rss/React.Component/src/components/PageElement.ts","statementMap":{"0":{"start":{"line":1,"column":0},"end":{"line":1,"column":26}},"1":{"start":{"line":9,"column":4},"end":{"line":9,"column":17}},"2":{"start":{"line":13,"column":0},"end":{"line":13,"column":27}}},"fnMap":{"0":{"name":"(anonymous_1)","decl":{"start":{"line":8,"column":2},"end":{"line":8,"column":14}},"loc":{"start":{"line":8,"column":32},"end":{"line":10,"column":3}}}},"branchMap":{},"s":{"0":1,"1":6,"2":1},"f":{"0":6},"b":{}}
,"/home/user/Рабочий стол/React-rss/React.Component/src/components/Search.tsx": {"path":"/home/user/Рабочий стол/React-rss/React.Component/src/components/Search.tsx","statementMap":{"0":{"start":{"line":1,"column":0},"end":{"line":1,"column":43}},"1":{"start":{"line":9,"column":4},"end":{"line":10,"column":84}},"2":{"start":{"line":13,"column":4},"end":{"line":13,"column":90}},"3":{"start":{"line":15,"column":10},"end":{"line":17,"column":4}},"4":{"start":{"line":18,"column":12},"end":{"line":20,"column":3}},"5":{"start":{"line":19,"column":4},"end":{"line":19,"column":51}},"6":{"start":{"line":22,"column":4},"end":{"line":32,"column":6}},"7":{"start":{"line":7,"column":0},"end":{"line":7,"column":13}}},"fnMap":{"0":{"name":"(anonymous_1)","decl":{"start":{"line":8,"column":2},"end":{"line":8,"column":19}},"loc":{"start":{"line":8,"column":19},"end":{"line":11,"column":3}}},"1":{"name":"(anonymous_2)","decl":{"start":{"line":12,"column":2},"end":{"line":12,"column":22}},"loc":{"start":{"line":12,"column":22},"end":{"line":14,"column":3}}},"2":{"name":"(anonymous_3)","decl":{"start":{"line":18,"column":12},"end":{"line":18,"column":13}},"loc":{"start":{"line":18,"column":49},"end":{"line":20,"column":3}}},"3":{"name":"(anonymous_4)","decl":{"start":{"line":21,"column":2},"end":{"line":21,"column":8}},"loc":{"start":{"line":21,"column":8},"end":{"line":33,"column":3}}}},"branchMap":{"0":{"loc":{"start":{"line":9,"column":4},"end":{"line":10,"column":83}},"type":"binary-expr","locations":[{"start":{"line":9,"column":4},"end":{"line":9,"column":28}},{"start":{"line":10,"column":6},"end":{"line":10,"column":83}}]},"1":{"loc":{"start":{"line":13,"column":4},"end":{"line":13,"column":89}},"type":"binary-expr","locations":[{"start":{"line":13,"column":4},"end":{"line":13,"column":26}},{"start":{"line":13,"column":30},"end":{"line":13,"column":89}}]}},"s":{"0":2,"1":9,"2":9,"3":9,"4":9,"5":1,"6":17,"7":2},"f":{"0":9,"1":9,"2":1,"3":17},"b":{"0":[9,3],"1":[9,3]}}
,"/home/user/Рабочий стол/React-rss/React.Component/src/components/index.tsx": {"path":"/home/user/Рабочий стол/React-rss/React.Component/src/components/index.tsx","statementMap":{"0":{"start":{"line":1,"column":0},"end":{"line":1,"column":26}},"1":{"start":{"line":2,"column":0},"end":{"line":2,"column":48}},"2":{"start":{"line":10,"column":4},"end":{"line":10,"column":17}},"3":{"start":{"line":13,"column":11},"end":{"line":31,"column":null}},"4":{"start":{"line":14,"column":4},"end":{"line":30,"column":null}},"5":{"start":{"line":35,"column":0},"end":{"line":35,"column":21}}},"fnMap":{"0":{"name":"(anonymous_1)","decl":{"start":{"line":9,"column":2},"end":{"line":9,"column":14}},"loc":{"start":{"line":9,"column":31},"end":{"line":11,"column":3}}},"1":{"name":"(anonymous_2)","decl":{"start":{"line":13,"column":11},"end":{"line":13,"column":14}},"loc":{"start":{"line":14,"column":4},"end":{"line":30,"column":null}}}},"branchMap":{},"s":{"0":1,"1":1,"2":3,"3":3,"4":9,"5":1},"f":{"0":3,"1":9},"b":{}}
,"/home/user/Рабочий стол/React-rss/React.Component/src/pages/AboutUs.tsx": {"path":"/home/user/Рабочий стол/React-rss/React.Component/src/pages/AboutUs.tsx","statementMap":{"0":{"start":{"line":1,"column":0},"end":{"line":1,"column":26}},"1":{"start":{"line":2,"column":0},"end":{"line":2,"column":52}},"2":{"start":{"line":6,"column":4},"end":{"line":6,"column":40}},"3":{"start":{"line":8,"column":11},"end":{"line":14,"column":3}},"4":{"start":{"line":9,"column":4},"end":{"line":13,"column":6}},"5":{"start":{"line":17,"column":0},"end":{"line":17,"column":23}}},"fnMap":{"0":{"name":"(anonymous_1)","decl":{"start":{"line":5,"column":2},"end":{"line":5,"column":19}},"loc":{"start":{"line":5,"column":19},"end":{"line":7,"column":3}}},"1":{"name":"(anonymous_2)","decl":{"start":{"line":8,"column":11},"end":{"line":8,"column":14}},"loc":{"start":{"line":8,"column":16},"end":{"line":14,"column":3}}}},"branchMap":{},"s":{"0":1,"1":1,"2":2,"3":2,"4":4,"5":1},"f":{"0":2,"1":4},"b":{}}
,"/home/user/Рабочий стол/React-rss/React.Component/src/pages/ErrorPage.tsx": {"path":"/home/user/Рабочий стол/React-rss/React.Component/src/pages/ErrorPage.tsx","statementMap":{"0":{"start":{"line":1,"column":0},"end":{"line":1,"column":26}},"1":{"start":{"line":2,"column":0},"end":{"line":2,"column":52}},"2":{"start":{"line":6,"column":4},"end":{"line":6,"column":35}},"3":{"start":{"line":8,"column":11},"end":{"line":16,"column":3}},"4":{"start":{"line":9,"column":4},"end":{"line":15,"column":6}},"5":{"start":{"line":4,"column":0},"end":{"line":4,"column":13}}},"fnMap":{"0":{"name":"(anonymous_1)","decl":{"start":{"line":5,"column":2},"end":{"line":5,"column":19}},"loc":{"start":{"line":5,"column":19},"end":{"line":7,"column":3}}},"1":{"name":"(anonymous_2)","decl":{"start":{"line":8,"column":11},"end":{"line":8,"column":14}},"loc":{"start":{"line":8,"column":16},"end":{"line":16,"column":3}}}},"branchMap":{},"s":{"0":1,"1":1,"2":0,"3":0,"4":0,"5":1},"f":{"0":0,"1":0},"b":{}}
,"/home/user/Рабочий стол/React-rss/React.Component/src/pages/MainPage.tsx": {"path":"/home/user/Рабочий стол/React-rss/React.Component/src/pages/MainPage.tsx","statementMap":{"0":{"start":{"line":1,"column":0},"end":{"line":1,"column":46}},"1":{"start":{"line":2,"column":0},"end":{"line":2,"column":48}},"2":{"start":{"line":3,"column":0},"end":{"line":3,"column":26}},"3":{"start":{"line":4,"column":0},"end":{"line":4,"column":52}},"4":{"start":{"line":5,"column":0},"end":{"line":5,"column":46}},"5":{"start":{"line":9,"column":4},"end":{"line":9,"column":41}},"6":{"start":{"line":12,"column":4},"end":{"line":17,"column":6}},"7":{"start":{"line":7,"column":0},"end":{"line":7,"column":13}}},"fnMap":{"0":{"name":"(anonymous_1)","decl":{"start":{"line":8,"column":2},"end":{"line":8,"column":19}},"loc":{"start":{"line":8,"column":19},"end":{"line":10,"column":3}}},"1":{"name":"(anonymous_2)","decl":{"start":{"line":11,"column":2},"end":{"line":11,"column":8}},"loc":{"start":{"line":11,"column":8},"end":{"line":18,"column":3}}}},"branchMap":{},"s":{"0":1,"1":1,"2":1,"3":1,"4":1,"5":4,"6":8,"7":1},"f":{"0":4,"1":8},"b":{}}
}
